[W&B] Loading existing artifact: alpha_racer_multi_mpc_combined:latest
[W&B] No existing artifact or error: Artifact.download() got an unexpected keyword argument 'replace'

******************************************************************************
This program contains Ipopt, a library for large-scale nonlinear optimization.
 Ipopt is released as open source code under the Eclipse Public License (EPL).
         For more information visit https://github.com/coin-or/Ipopt
******************************************************************************

Ego progress:  138.84410095214844
Opp1 progress:  144.68931579589844
Opp2 progress:  3.4507884979248047
[W&B] Appended episode data, total episodes: 1
[W&B] Uploaded combined artifact with 1 episodes
[Episode 176] Uploaded episode data to combined artifact
[Seed] Global seed set to 1756631621
[Episode 177] Using seed 1756631621
ep_no: 177
ego params:  0.271090973129808 0.2624653206613466 0.4198772397889155 0.9679753717388262
opp params:  0.1 0.5 0.15 1.0
opp1 params: 0.1 0.5 0.15 1.0
Collision detected 127.48403 127.03994 -0.7257394 -0.621393
Collision detected 127.638405 127.198524 -0.74059296 -0.7321264
Collision detected 127.75994 127.27566 -0.743368 -0.7644381
Collision detected 127.798836 127.32209 -0.7427626 -0.7733028
Collision detected 127.88992 127.361534 -0.7402601 -0.7798662
Collision detected 127.92445 127.40849 -0.7376426 -0.7856226
Collision detected 128.01819 127.454544 -0.73328966 -0.78895044
Collision detected 128.05197 127.523384 -0.7295837 -0.7918187
Collision detected 128.0799 127.56215 -0.725049 -0.7920834
Collision detected 128.17007 127.64354 -0.7199346 -0.7914468
Collision detected 128.21025 127.6637 -0.71399647 -0.7900942
Collision detected 128.27473 127.76444 -0.70924175 -0.78847265
Collision detected 128.29984 127.795845 -0.7047871 -0.7869646
Collision detected 128.32268 127.89433 -0.6997989 -0.7843492
Collision detected 127.89433 126.969086 -0.7843492 -0.7932585
Collision detected 128.3556 127.91677 -0.69358766 -0.7822655
Collision detected 127.91677 127.04084 -0.7822655 -0.8233208
Collision detected 128.41263 127.94553 -0.6872209 -0.7794047
Collision detected 127.94553 127.06415 -0.7794047 -0.8346565
Collision detected 128.45485 128.04967 -0.6805341 -0.77698004
Collision detected 128.04967 127.08001 -0.77698004 -0.8388638
Collision detected 128.49977 128.14723 -0.672832 -0.77316386
Collision detected 128.14723 127.09055 -0.77316386 -0.8392082
Collision detected 128.5476 128.18811 -0.6652642 -0.76999706
Collision detected 128.18811 127.101425 -0.76999706 -0.8376978
Collision detected 128.60565 128.27591 -0.6562466 -0.76557463
Collision detected 128.64758 128.32063 -0.64671475 -0.7616867
Collision detected 128.71613 128.39871 -0.63642997 -0.75703776
Collision detected 128.7747 128.44646 -0.6242098 -0.75328016
Collision detected 128.84862 128.50873 -0.61149377 -0.7485248
Collision detected 128.9332 128.56053 -0.59607047 -0.7449134
Collision detected 129.01213 128.61539 -0.57748914 -0.7405051
Collision detected 129.11385 128.67032 -0.5546335 -0.73677236
Collision detected 129.23196 128.73256 -0.5348015 -0.73285556
Collision detected 129.35384 128.80524 -0.50673056 -0.72881687
Collision detected 129.46696 128.87755 -0.47000837 -0.7237689
Collision detected 129.56015 128.9904 -0.42564392 -0.71693176
Collision detected 129.6541 129.20493 -0.37989298 -0.70578355
Collision detected 129.7438 129.47241 -0.3181287 -0.68553495
Collision detected 130.49454 130.4907 0.2613522 -0.043421537
Collision detected 130.674 130.6738 0.3230904 0.07975809
Collision detected 130.87492 130.87758 0.3696813 0.17263442
Collision detected 131.07884 131.06425 0.40238857 0.21891567
Collision detected 131.20877 131.25993 0.4155222 0.2523993
Collision detected 131.34773 131.37473 0.42662254 0.2706369
Collision detected 131.4251 131.49535 0.4290023 0.27994597
Collision detected 131.46935 131.61462 0.42877343 0.28652683
Collision detected 131.50865 131.73639 0.42621958 0.29055014
Collision detected 131.55092 131.86661 0.42385074 0.29105255
Collision detected 135.84229 135.56172 0.74885887 0.5537242
Collision detected 135.90646 135.81442 0.76769567 0.678418
Collision detected 135.9437 135.95264 0.77469444 0.7450705
Collision detected 135.95366 135.98212 0.7729607 0.7543315
Collision detected 135.95836 136.01088 0.7702374 0.76213115
Collision detected 135.963 136.03986 0.7673775 0.7687442
Collision detected 135.96758 136.06935 0.76439905 0.7744493
Collision detected 135.9721 136.09944 0.7613262 0.7794047
Collision detected 135.97661 136.13171 0.7581719 0.78370655
Collision detected 135.98203 136.16322 0.754945 0.78749216
Collision detected 135.98653 136.19566 0.7516444 0.790905
Collision detected 135.99103 136.22925 0.74826825 0.7940235
Collision detected 135.99559 136.26898 0.7448038 0.79720896
Collision detected 136.00021 136.30618 0.74122834 0.800358
Collision detected 136.0053 136.34537 0.737541 0.80351484
Ego progress:  106.09004211425781
Opp1 progress:  125.76982879638672
Opp2 progress:  119.94337463378906
[W&B] Appended episode data, total episodes: 2
[W&B] Uploaded combined artifact with 2 episodes
[Episode 177] Uploaded episode data to combined artifact
[Seed] Global seed set to 1756631622
[Episode 178] Using seed 1756631622
ep_no: 178
ego params:  0.271090973129808 0.2624653206613466 0.4198772397889155 0.9679753717388262
opp params:  0.32782775712924944 0.35249326037496764 0.4217314095431552 0.9537687383294136
opp1 params: 0.1 0.5 0.15 1.0
Collision detected 122.92582 122.465416 0.4048657 0.43990022
Collision detected 123.07704 122.783516 0.39105216 0.42202184
Collision detected 123.272736 123.05882 0.3766701 0.41344273
Collision detected 123.42873 123.18504 0.36179557 0.40935218
Collision detected 123.55992 123.23096 0.35554206 0.4044112
Collision detected 123.68463 123.27902 0.33922926 0.39721107
Collision detected 126.229996 126.00189 -0.29471236 0.0026088778
Collision detected 126.387764 126.213196 -0.40930647 -0.13602382
Collision detected 126.5466 126.40425 -0.5208696 -0.27705827
Collision detected 126.69082 126.54429 -0.6258113 -0.3867005
Collision detected 126.801765 126.636856 -0.69029933 -0.46055096
Collision detected 126.853775 126.69665 -0.7179562 -0.5165722
Collision detected 126.90035 126.75316 -0.7257171 -0.56526643
Collision detected 126.91061 126.80113 -0.72494924 -0.599084
Collision detected 126.9163 126.829834 -0.72243786 -0.621299
Collision detected 126.92226 126.85188 -0.7193453 -0.6362634
Collision detected 126.9281 126.88665 -0.71832687 -0.6475961
Collision detected 126.9336 126.91442 -0.71784085 -0.6562582
Collision detected 126.93914 126.93371 -0.7174355 -0.6633787
Collision detected 126.94464 126.95283 -0.7169686 -0.66920185
Collision detected 126.95025 126.97183 -0.7164354 -0.67390114
Collision detected 126.95543 127.02345 -0.7153881 -0.68115944
Collision detected 126.9593 127.059204 -0.7135122 -0.6935711
Collision detected 126.62611 126.96217 -0.7337997 -0.7114711
Collision detected 126.62611 127.08475 -0.7337997 -0.70481443
Collision detected 126.96217 127.08475 -0.7114711 -0.70481443
Collision detected 126.69505 126.965744 -0.7719896 -0.7095225
Collision detected 126.69505 127.115234 -0.7719896 -0.71671873
Collision detected 126.965744 127.115234 -0.7095225 -0.71671873
Collision detected 126.71264 126.97303 -0.77742904 -0.7080473
Collision detected 126.71264 127.155014 -0.77742904 -0.72715294
Collision detected 126.97303 127.155014 -0.7080473 -0.72715294
Collision detected 126.71841 126.9818 -0.77555287 -0.70655316
Collision detected 126.71841 127.18909 -0.77555287 -0.7368824
Collision detected 126.9818 127.18909 -0.70655316 -0.7368824
Collision detected 126.723656 126.99756 -0.7730105 -0.7051667
Collision detected 126.723656 127.21139 -0.7730105 -0.7466707
Collision detected 126.99756 127.21139 -0.7051667 -0.7466707
Collision detected 126.728714 127.01351 -0.7701847 -0.70374197
Collision detected 127.01351 127.25213 -0.70374197 -0.7562376
Collision detected 126.73791 127.02976 -0.7671575 -0.70209414
Collision detected 127.02976 127.29631 -0.70209414 -0.764489
Collision detected 126.747635 127.04375 -0.7639785 -0.70051897
Collision detected 127.04375 127.33201 -0.70051897 -0.77176476
Collision detected 126.75224 127.05231 -0.761184 -0.6990321
Collision detected 127.05231 127.37594 -0.6990321 -0.7785815
Collision detected 126.76279 127.06073 -0.75955886 -0.697599
Collision detected 127.06073 127.41614 -0.697599 -0.78427273
Collision detected 126.76704 127.07032 -0.7572465 -0.69637793
Collision detected 127.07032 127.45505 -0.69637793 -0.7888114
Collision detected 126.770676 127.08008 -0.75492674 -0.6952476
Collision detected 127.08008 127.51475 -0.6952476 -0.79329544
Collision detected 126.77271 127.09006 -0.7526047 -0.6942273
Collision detected 127.09006 127.55018 -0.6942273 -0.79642653
Collision detected 126.77476 127.10032 -0.75029135 -0.6933329
Collision detected 127.10032 127.63856 -0.6933329 -0.795738
Collision detected 126.77985 127.12087 -0.74919033 -0.6925704
Collision detected 127.12087 127.67301 -0.6925704 -0.79283583
Collision detected 126.78212 127.143456 -0.7470892 -0.69193643
Collision detected 127.143456 127.77458 -0.69193643 -0.7885155
Collision detected 126.78717 127.16618 -0.74606484 -0.69087064
Collision detected 127.16618 127.805664 -0.69087064 -0.783697
Collision detected 126.78988 127.18401 -0.74409676 -0.6899439
Collision detected 127.18401 127.9068 -0.6899439 -0.77834135
Collision detected 126.79496 127.19555 -0.7431154 -0.6891771
Collision detected 127.19555 127.937454 -0.6891771 -0.7726157
Collision detected 126.798065 127.207344 -0.74127567 -0.6885738
Collision detected 127.207344 128.03523 -0.6885738 -0.766563
Collision detected 126.803185 127.2198 -0.7403494 -0.68821603
Collision detected 127.2198 128.06776 -0.68821603 -0.76020867
Collision detected 126.80649 127.24491 -0.738613 -0.6880813
Collision detected 127.24491 128.15776 -0.6880813 -0.75346375
Collision detected 126.81163 127.27085 -0.7377603 -0.68805206
Collision detected 127.27085 128.19397 -0.68805206 -0.7467211
Collision detected 126.81563 127.29691 -0.73623586 -0.6873056
Collision detected 127.29691 128.27269 -0.6873056 -0.7393243
Collision detected 126.8185 127.321594 -0.7343932 -0.6868218
Collision detected 127.321594 128.31479 -0.6868218 -0.73230624
Collision detected 126.82167 127.33605 -0.73255783 -0.68664426
Collision detected 127.33605 128.38594 -0.68664426 -0.72374403
Collision detected 126.82525 127.36308 -0.7307907 -0.6868099
Collision detected 127.36308 128.4348 -0.6868099 -0.7154453
Error in callback:  Failed to publish: publisher's context is invalid, at /Users/runner/conda-bld/bld/rattler-build_ros-humble-rcl_1753312401/work/ros-humble-rcl/src/work/src/rcl/publisher.c:389
[W&B] Appended episode data, total episodes: 3
[W&B] Uploaded combined artifact with 3 episodes
[Episode 178] Uploaded episode data to combined artifact
Traceback (most recent call last):
  File "/Users/aryan/MySpace/AGV/alpha-RACER/car_ros2/car_ros2/multi_car_blocking.py", line 537, in timer_callback
    self.pose_pub_.publish(pose)
  File "/opt/anaconda3/envs/ros_env/lib/python3.11/site-packages/rclpy/publisher.py", line 70, in publish
    self.__publisher.publish(msg)
rclpy._rclpy_pybind11.RCLError: Failed to publish: publisher's context is invalid, at /Users/runner/conda-bld/bld/rattler-build_ros-humble-rcl_1753312401/work/ros-humble-rcl/src/work/src/rcl/publisher.c:389

During handling of the above exception, another exception occurred:

Traceback (most recent call last):
  File "/Users/aryan/MySpace/AGV/alpha-RACER/car_ros2/car_ros2/multi_car_blocking.py", line 1107, in <module>
    main()
  File "/Users/aryan/MySpace/AGV/alpha-RACER/car_ros2/car_ros2/multi_car_blocking.py", line 1101, in main
    car_node.timer_callback()
  File "/Users/aryan/MySpace/AGV/alpha-RACER/car_ros2/car_ros2/multi_car_blocking.py", line 835, in timer_callback
    if self.use_wandb and self.wandb_run:
                          ^^^^^^^^^^^^^^
AttributeError: 'CarNode' object has no attribute 'wandb_run'
