[W&B] Loading artifact: alpha_racer_multi_mpc_combined:latest
[34m[1mwandb[0m:   1 of 1 files downloaded.
[W&B] Failed to load combined artifact: No module named 'numpy._core'

******************************************************************************
This program contains Ipopt, a library for large-scale nonlinear optimization.
 Ipopt is released as open source code under the Eclipse Public License (EPL).
         For more information visit https://github.com/coin-or/Ipopt
******************************************************************************

Collision detected 65.75397 65.96709 0.6416295 0.75495636
Collision detected 65.92683 66.02543 0.66059947 0.74788225
Collision detected 66.02064 66.07257 0.66873515 0.7407182
Collision detected 66.04898 66.117935 0.67231023 0.7347398
Collision detected 66.07225 66.15795 0.6741451 0.72933257
Collision detected 66.09445 66.19214 0.67504835 0.7236417
Collision detected 66.116806 66.23049 0.6755531 0.7175358
Collision detected 66.13946 66.269585 0.6752515 0.7114877
Collision detected 66.16251 66.307594 0.67427427 0.704804
Collision detected 66.18226 66.3493 0.6725769 0.6974762
Collision detected 66.20655 66.392845 0.6701929 0.689695
Collision detected 66.231766 66.43682 0.66716075 0.6812015
Collision detected 66.25822 66.48548 0.66381 0.6716803
Collision detected 66.28634 66.53771 0.6595309 0.66123843
Collision detected 66.31475 66.59285 0.6542577 0.64929694
Collision detected 66.34852 66.65582 0.64777863 0.6353418
Collision detected 66.38729 66.72556 0.63978976 0.61867505
Ego progress:  131.3527069091797
Opp1 progress:  138.49806213378906
Opp2 progress:  3.8744261264801025
[W&B] Appended episode data, total episodes now: 1
[W&B] Uploaded combined artifact with 1 episodes
[Episode 176] Uploaded episode data to combined artifact
[Seed] Global seed set to 1756629822
[Episode 177] Using seed 1756629822
ep_no: 177
ego params:  0.3369430503626768 0.27201924686577195 0.17714824387176678 0.8939693479218798
opp params:  0.1 0.5 0.15 1.0
opp1 params: 0.1 0.5 0.15 1.0
Collision detected 122.35939 121.79684 0.55581856 0.47733688
Collision detected 122.57391 122.163216 0.55839306 0.47567904
Collision detected 122.78919 122.52223 0.56684744 0.46091464
Collision detected 122.96869 122.74808 0.5801971 0.4604289
Collision detected 123.134476 122.87837 0.5870896 0.45931867
Collision detected 123.27402 122.94793 0.59022903 0.45408446
Collision detected 123.40144 123.03994 0.5879734 0.4446898
Collision detected 123.528854 123.1331 0.5806357 0.4329256
Collision detected 123.665924 123.21751 0.56700116 0.42577004
Collision detected 123.81307 123.33704 0.5548178 0.42232713
Collision detected 123.97057 123.490616 0.5451523 0.41948926
Collision detected 124.1566 123.66936 0.5377687 0.41446203
Collision detected 124.337585 123.850945 0.53114873 0.41267502
Collision detected 124.550385 124.08207 0.54148424 0.41929546
Collision detected 124.79098 124.31703 0.55432236 0.44289723
Collision detected 125.07374 124.57829 0.5549801 0.48915127
Collision detected 125.36472 124.86471 0.552402 0.52478164
Collision detected 125.63378 125.15512 0.5348426 0.53877807
Collision detected 125.87997 125.40438 0.5110052 0.5277449
Collision detected 127.96732 127.600685 -0.047245964 -0.23053446
Collision detected 128.19824 127.91537 -0.06891729 -0.29744768
Collision detected 128.41548 128.24309 -0.06899573 -0.32814085
Collision detected 130.4808 130.31314 0.7650818 0.45888674
Collision detected 130.54291 130.52486 0.77381897 0.60567087
Collision detected 130.60933 130.73369 0.7788316 0.6894659
Collision detected 130.6501 130.80215 0.78148806 0.7060658
Collision detected 130.67883 130.86327 0.7817673 0.7164118
Collision detected 130.70432 130.91039 0.78100866 0.7235525
Collision detected 130.7301 130.96051 0.78003526 0.72961843
Collision detected 130.7568 131.00961 0.7783223 0.73433656
Collision detected 130.78 131.05344 0.7759497 0.7379671
Collision detected 130.8064 131.10332 0.77267456 0.7398905
Collision detected 130.83797 131.15462 0.7686698 0.74118185
Collision detected 130.87282 131.2035 0.7643977 0.7408424
Collision detected 131.75858 132.14006 0.57182306 0.63323
Collision detected 131.89789 132.2473 0.5268052 0.61263597
Collision detected 132.06853 132.36803 0.46770048 0.58718073
Collision detected 132.25435 132.50629 0.39882562 0.55516225
Collision detected 134.29025 134.63518 -0.26395094 -0.091956764
Collision detected 137.16982 138.77286 0.83070433 0.64743906
Collision detected 137.39638 138.89316 0.8565674 0.61275256
Ego progress:  118.24958038330078
Opp1 progress:  143.4091339111328
Opp2 progress:  133.8419952392578
[W&B] Appended episode data, total episodes now: 2
[W&B] Uploaded combined artifact with 2 episodes
[Episode 177] Uploaded episode data to combined artifact
[Seed] Global seed set to 1756629823
[Episode 178] Using seed 1756629823
ep_no: 178
ego params:  0.3369430503626768 0.27201924686577195 0.17714824387176678 0.8939693479218798
opp params:  0.13583652615972272 0.30666824862735176 0.4522257900008969 0.9283882422762888
opp1 params: 0.1 0.5 0.15 1.0
Collision detected 124.08279 123.71562 0.31456798 0.5366164
Collision detected 124.25025 124.056595 0.30126515 0.53722656
Collision detected 124.439674 124.31769 0.29134277 0.5444668
Collision detected 125.68936 126.05656 0.118204445 0.20716189
Collision detected 125.89515 126.283424 0.050067876 0.07587764
Collision detected 127.26188 128.17978 -0.68617904 -0.7748049
Collision detected 127.35395 128.29642 -0.7045021 -0.7699535
Collision detected 127.41701 128.39336 -0.7135753 -0.7634215
Collision detected 127.46176 128.45782 -0.7166651 -0.7566484
Collision detected 127.5095 128.54407 -0.71821535 -0.74854493
Collision detected 127.54598 128.62639 -0.71831053 -0.73948723
Collision detected 127.58191 128.70723 -0.71715707 -0.7308168
Collision detected 26.379818 25.903316 0.77921104 0.6089386
Collision detected 26.631048 26.38664 0.7831137 0.68508005
Collision detected 26.893847 26.811726 0.77524346 0.6790405
Collision detected 27.035786 26.928673 0.7641137 0.6656681
Collision detected 27.156248 27.00518 0.7527158 0.65570116
Collision detected 27.263638 27.04398 0.7413836 0.64643914
Collision detected 27.334204 27.084526 0.73031825 0.6353227
Collision detected 27.431362 27.147614 0.71959084 0.6241773
Collision detected 27.516575 27.192863 0.7074309 0.611523
Collision detected 27.60389 27.249456 0.69552046 0.59678656
Collision detected 27.687218 27.304388 0.683599 0.58042127
Collision detected 27.769073 27.367678 0.669571 0.56031793
Collision detected 27.87485 27.443407 0.6547767 0.5332362
Collision detected 27.977001 27.525978 0.638294 0.5009981
Collision detected 28.072704 27.633245 0.6192026 0.4546573
Collision detected 28.185692 27.753325 0.59671766 0.40214998
Collision detected 29.288439 29.006145 0.42236018 0.19197853
Collision detected 29.523855 29.300499 0.41512313 0.20181862
Collision detected 29.763746 29.609348 0.41824383 0.22307718
Collision detected 30.008995 29.904688 0.45590937 0.24540526
Collision detected 30.245197 30.128975 0.53145194 0.26520723
Collision detected 32.18598 31.862097 0.7273494 0.66200906
Collision detected 32.257637 32.02115 0.7210649 0.65769905
Collision detected 32.32157 32.135532 0.7144752 0.6543353
Collision detected 32.383125 32.192287 0.7186514 0.65306145
Collision detected 32.43326 32.226906 0.7129723 0.6526426
Collision detected 32.482136 32.261677 0.7079238 0.6519703
Collision detected 32.53625 32.291565 0.7026996 0.6508825
Collision detected 32.586884 32.322872 0.6972063 0.6493473
Collision detected 32.643513 32.356365 0.70202136 0.6472922
Collision detected 32.69737 32.397495 0.69654524 0.6444377
Collision detected 32.755127 32.437862 0.6914053 0.6407038
Collision detected 32.819645 32.48307 0.69639605 0.6360356
Collision detected 32.88023 32.5391 0.70199823 0.62993014
Collision detected 32.94758 32.59849 0.708321 0.62218106
Collision detected 33.009727 32.67181 0.7159633 0.6123256
Collision detected 33.078846 32.750343 0.7136566 0.60017836
Collision detected 33.142185 32.842525 0.72233903 0.58529407
Collision detected 33.207966 32.941216 0.7313526 0.56801575
Collision detected 33.269463 33.046207 0.7314537 0.547751
Collision detected 33.336533 33.16054 0.7315928 0.5230831
Collision detected 33.398254 33.285686 0.73153174 0.4934189
Ego progress:  108.53089904785156
Opp1 progress:  116.4338607788086
Opp2 progress:  130.56138610839844
[W&B] Appended episode data, total episodes now: 3
[W&B] Uploaded combined artifact with 3 episodes
[Episode 178] Uploaded episode data to combined artifact
[Seed] Global seed set to 1756629824
[Episode 179] Using seed 1756629824
ep_no: 179
ego params:  0.3369430503626768 0.27201924686577195 0.17714824387176678 0.8939693479218798
opp params:  0.13583652615972272 0.30666824862735176 0.4522257900008969 0.9283882422762888
opp1 params: 0.38988851590058415 0.3500989626994938 0.1220991002353242 1.0677925960018428
Collision detected 121.817055 121.37634 0.49364004 0.46613157
Collision detected 121.9849 121.758446 0.4620197 0.4063648
Collision detected 122.13319 122.03942 0.43202877 0.3610487
Collision detected 122.2578 122.15343 0.41446036 0.34275624
Collision detected 122.34491 122.19682 0.40068132 0.343312
Collision detected 122.406494 122.23637 0.3883181 0.34340823
Collision detected 122.48607 122.25954 0.3678861 0.34421325
Collision detected 122.53903 122.285225 0.35648277 0.335215
Collision detected 122.61934 122.32175 0.33547583 0.3367805
Collision detected 122.67639 122.37014 0.3225794 0.3260467
Collision detected 122.760254 122.40419 0.30588344 0.31451184
Collision detected 122.82907 122.45286 0.2875048 0.31093237
Collision detected 122.929924 122.515495 0.26369417 0.30303743
Collision detected 124.102585 123.729385 0.13796179 0.36864847
Ego progress:  114.87815856933594
Opp1 progress:  121.10383605957031
Opp2 progress:  133.39190673828125
[W&B] Appended episode data, total episodes now: 4
[W&B] Uploaded combined artifact with 4 episodes
[Episode 179] Uploaded episode data to combined artifact
[Seed] Global seed set to 1756629825
[Episode 180] Using seed 1756629825
ep_no: 180
ego params:  0.12679804002683157 0.24457187381966228 0.3166687874920675 1.0226971125806616
opp params:  0.13583652615972272 0.30666824862735176 0.4522257900008969 0.9283882422762888
opp1 params: 0.38988851590058415 0.3500989626994938 0.1220991002353242 1.0677925960018428
Collision detected 124.28045 124.63277 0.5348929 0.25362816
Collision detected 124.59759 124.856995 0.5329325 0.25389838
Collision detected 124.94876 125.09467 0.51435405 0.24834304
Collision detected 125.27622 125.33095 0.46223888 0.22842632
Collision detected 125.59045 125.55349 0.39104825 0.19470829
Collision detected 125.811066 125.773575 0.3153619 0.15594485
Collision detected 126.01644 125.90076 0.23042695 0.12305018
Collision detected 126.17373 125.9632 0.14848565 0.102473244
Collision detected 126.30513 126.00742 0.073656574 0.08639781
Ego progress:  139.3975067138672
Opp1 progress:  114.81935119628906
Opp2 progress:  95.80423736572266
[W&B] Appended episode data, total episodes now: 5
[W&B] Uploaded combined artifact with 5 episodes
[Episode 180] Uploaded episode data to combined artifact
[Seed] Global seed set to 1756629826
[Episode 181] Using seed 1756629826
ep_no: 181
ego params:  0.12679804002683157 0.24457187381966228 0.3166687874920675 1.0226971125806616
opp params:  0.28945969578042074 0.4692005104208141 0.3656736285116281 1.0669557678791666
opp1 params: 0.38988851590058415 0.3500989626994938 0.1220991002353242 1.0677925960018428
Collision detected 65.92758 65.664154 0.6105743 0.63282824
Collision detected 66.03522 65.88464 0.58464533 0.6681592
Collision detected 66.14267 65.991455 0.5587755 0.6833631
Collision detected 66.24545 66.03358 0.53502566 0.6890081
Collision detected 66.35651 66.06023 0.51479495 0.6920053
Ego progress:  127.80030059814453
Opp1 progress:  0.9575271010398865
Opp2 progress:  126.68302154541016
[W&B] Appended episode data, total episodes now: 6
[W&B] Uploaded combined artifact with 6 episodes
[Episode 181] Uploaded episode data to combined artifact
[Seed] Global seed set to 1756629827
[Episode 182] Using seed 1756629827
ep_no: 182
ego params:  0.12679804002683157 0.24457187381966228 0.3166687874920675 1.0226971125806616
opp params:  0.28945969578042074 0.4692005104208141 0.3656736285116281 1.0669557678791666
opp1 params: 0.30042741669395007 0.44525574681724056 0.21138064257909125 1.0310247952897953
Collision detected 126.92376 126.54675 -0.82837594 -0.71006644
Collision detected 126.933846 126.68747 -0.8258625 -0.7968489
Collision detected 126.94612 126.74147 -0.8237835 -0.8166595
Collision detected 126.958 126.7518 -0.82180214 -0.81468594
Collision detected 126.96924 126.76052 -0.8198241 -0.8116287
Collision detected 126.98667 126.77025 -0.8178494 -0.8088141
Collision detected 127.008865 126.77563 -0.8159307 -0.805769
Collision detected 127.03108 126.78018 -0.8135866 -0.8025263
Collision detected 127.0491 126.784645 -0.811235 -0.79913694
Collision detected 127.05944 126.78905 -0.8089368 -0.795638
Collision detected 127.070175 126.79341 -0.8067309 -0.7920632
Collision detected 127.081116 126.797775 -0.804593 -0.78844976
Collision detected 127.09212 126.80213 -0.8025096 -0.7848023
Collision detected 127.111565 126.80324 -0.800484 -0.7819453
Collision detected 127.132515 126.80436 -0.7984817 -0.779211
Collision detected 127.15402 126.805504 -0.796195 -0.77649885
Collision detected 127.1761 126.80667 -0.79378945 -0.7738033
Collision detected 127.19113 126.80785 -0.79145974 -0.771125
Collision detected 127.20164 126.80906 -0.78921956 -0.7684647
Collision detected 127.21226 126.810295 -0.7870703 -0.7658261
Collision detected 127.232025 126.811554 -0.7850125 -0.76321065
Collision detected 127.25338 126.81285 -0.7830574 -0.7606214
Collision detected 127.27494 126.81417 -0.78103787 -0.758061
Collision detected 127.29681 126.81555 -0.7785417 -0.7555334
Collision detected 127.31807 126.81695 -0.77615535 -0.7530421
Collision detected 127.33223 126.818375 -0.77389395 -0.7505925
Collision detected 127.354744 126.81983 -0.77180284 -0.74818915
Ego progress:  135.57266235351562
Opp1 progress:  121.57698822021484
Opp2 progress:  108.6968002319336
[W&B] Appended episode data, total episodes now: 7
[W&B] Uploaded combined artifact with 7 episodes
[Episode 182] Uploaded episode data to combined artifact
[Seed] Global seed set to 1756629828
[Episode 183] Using seed 1756629828
ep_no: 183
ego params:  0.448044875567571 0.4353556749214551 0.33867264395073926 0.869811427121908
opp params:  0.28945969578042074 0.4692005104208141 0.3656736285116281 1.0669557678791666
opp1 params: 0.30042741669395007 0.44525574681724056 0.21138064257909125 1.0310247952897953
Ego progress:  100.77389526367188
Opp1 progress:  150.00177001953125
Opp2 progress:  144.3798065185547
[W&B] Appended episode data, total episodes now: 8
[W&B] Uploaded combined artifact with 8 episodes
[Episode 183] Uploaded episode data to combined artifact
[Seed] Global seed set to 1756629829
[Episode 184] Using seed 1756629829
ep_no: 184
ego params:  0.448044875567571 0.4353556749214551 0.33867264395073926 0.869811427121908
opp params:  0.3938509237000113 0.35538419818044065 0.28878934845475907 0.9314194193197547
opp1 params: 0.30042741669395007 0.44525574681724056 0.21138064257909125 1.0310247952897953
Collision detected 122.80819 122.40452 0.45422274 0.5193966
Collision detected 123.048515 122.75528 0.44056833 0.48283133
Collision detected 123.27952 122.93651 0.43518418 0.47145045
Collision detected 123.45656 123.04501 0.42714557 0.46130794
Collision detected 126.15222 125.886734 0.03918886 0.38399076
Collision detected 126.349754 126.152916 -0.05143272 0.2727029
Collision detected 126.54358 126.39695 -0.14254686 0.14780496
Collision detected 126.72747 126.60942 -0.2338138 0.025084596
Collision detected 126.900215 126.76864 -0.3301223 -0.09950676
Collision detected 127.048065 126.89177 -0.4215777 -0.20222282
Collision detected 127.17874 126.975464 -0.5021047 -0.27310187
Collision detected 127.29771 127.05259 -0.56887096 -0.32612973
Collision detected 127.40411 127.11017 -0.61791056 -0.3743605
Collision detected 127.51356 127.19386 -0.64238006 -0.42555663
Collision detected 127.61888 127.28423 -0.6537179 -0.48216924
Collision detected 127.6777 127.365746 -0.6578675 -0.53422457
Collision detected 127.70636 127.457306 -0.66766644 -0.57169735
Collision detected 127.75817 127.50923 -0.6760729 -0.59376913
Collision detected 127.76517 127.55425 -0.683952 -0.6077704
Collision detected 127.77092 127.59365 -0.69170177 -0.6187801
Collision detected 127.77722 127.64573 -0.6994538 -0.6290241
Collision detected 127.783005 127.68474 -0.7070889 -0.63726276
Collision detected 127.794914 127.755295 -0.70468354 -0.64429426
Collision detected 127.80013 127.79512 -0.71185124 -0.650801
Collision detected 127.80251 127.83398 -0.7189983 -0.65487766
Collision detected 127.80728 127.911644 -0.72622234 -0.658915
Collision detected 127.81339 128.0144 -0.73339415 -0.66343486
Collision detected 127.82135 128.08952 -0.7409006 -0.6664298
Collision detected 127.893074 128.20493 -0.7483546 -0.666767
Collision detected 127.90596 128.31592 -0.7556509 -0.6646057
Collision detected 127.921165 128.42032 -0.7625803 -0.6593054
Collision detected 127.938255 128.51332 -0.76812667 -0.6517037
Collision detected 128.02332 128.61917 -0.77343684 -0.6426349
Collision detected 128.0418 128.7145 -0.7786479 -0.63203686
Collision detected 128.05968 128.82796 -0.78309757 -0.61848116
Ego progress:  84.88101959228516
Opp1 progress:  119.33838653564453
Opp2 progress:  132.62916564941406
[W&B] Appended episode data, total episodes now: 9
[W&B] Uploaded combined artifact with 9 episodes
[Episode 184] Uploaded episode data to combined artifact
[Seed] Global seed set to 1756629830
[Episode 185] Using seed 1756629830
ep_no: 185
ego params:  0.448044875567571 0.4353556749214551 0.33867264395073926 0.869811427121908
opp params:  0.3938509237000113 0.35538419818044065 0.28878934845475907 0.9314194193197547
opp1 params: 0.4242939200003787 0.2974754559070094 0.3777930218028168 0.931750492620784
Collision detected 63.13432 64.799644 -0.42617542 -0.53134894
Collision detected 63.412884 64.80721 -0.5100492 -0.41700432
Collision detected 63.723606 64.82804 -0.5456205 -0.31618395
Collision detected 64.47227 64.84852 -0.4995801 -0.22595353
Collision detected 64.58552 64.89484 -0.4070101 -0.13864376
Collision detected 64.652565 64.9368 -0.3389432 -0.04232472
Collision detected 66.002975 66.29919 0.5521952 0.71693355
Collision detected 66.18638 66.376236 0.56666493 0.7160255
Collision detected 66.35386 66.44944 0.57054543 0.713805
Collision detected 66.462456 66.516594 0.57278657 0.710658
Collision detected 66.52479 66.57394 0.5735919 0.7070682
Collision detected 66.563034 66.62734 0.57355374 0.70286137
Collision detected 66.5955 66.677864 0.5724639 0.6982806
Collision detected 66.62643 66.72606 0.57035184 0.692951
Collision detected 66.65776 66.776436 0.56720895 0.68698394
Collision detected 66.689995 66.82699 0.56274146 0.6803277
Collision detected 66.72358 66.88107 0.5566964 0.6727219
Collision detected 66.76074 66.93811 0.548786 0.6643265
Collision detected 66.80146 66.997696 0.5386423 0.654692
Collision detected 66.84568 67.06335 0.52547705 0.6437752
Collision detected 66.8968 67.134 0.5085479 0.63103276
Collision detected 66.95509 67.21293 0.48673537 0.61613613
Collision detected 67.025925 67.30483 0.45781976 0.59764564
Collision detected 67.113205 67.41182 0.4187641 0.57415
Ego progress:  87.34109497070312
Opp1 progress:  98.17321014404297
Opp2 progress:  84.04208374023438
[W&B] Appended episode data, total episodes now: 10
[W&B] Uploaded combined artifact with 10 episodes
[Episode 185] Uploaded episode data to combined artifact
[Seed] Global seed set to 1756629831
[Episode 186] Using seed 1756629831
ep_no: 186
ego params:  0.3045829091071153 0.41725560160859443 0.37177020666804494 1.0220988039208008
opp params:  0.3938509237000113 0.35538419818044065 0.28878934845475907 0.9314194193197547
opp1 params: 0.4242939200003787 0.2974754559070094 0.3777930218028168 0.931750492620784
Ego progress:  148.9360809326172
Opp1 progress:  130.45953369140625
Opp2 progress:  125.7139663696289
[W&B] Appended episode data, total episodes now: 11
[W&B] Uploaded combined artifact with 11 episodes
[Episode 186] Uploaded episode data to combined artifact
[Seed] Global seed set to 1756629832
[Episode 187] Using seed 1756629832
ep_no: 187
ego params:  0.3045829091071153 0.41725560160859443 0.37177020666804494 1.0220988039208008
opp params:  0.36693274679011323 0.135282811795568 0.3540742495481949 1.0570732994659449
opp1 params: 0.4242939200003787 0.2974754559070094 0.3777930218028168 0.931750492620784
Collision detected 127.03792 127.42284 -0.3962611 -0.56446743
Collision detected 127.22976 127.6681 -0.5372633 -0.63411295
Collision detected 127.42484 127.940704 -0.64599097 -0.657471
Collision detected 127.50446 128.14117 -0.68049663 -0.6561041
Collision detected 127.5447 128.22662 -0.6926111 -0.6495118
Collision detected 127.57962 128.31462 -0.69927245 -0.6427914
Collision detected 127.64462 128.38647 -0.70438224 -0.63453555
Collision detected 127.67828 128.45535 -0.7076369 -0.62714
Collision detected 127.76007 128.51749 -0.7095714 -0.61834323
Collision detected 127.794426 128.59761 -0.71120334 -0.6097192
Collision detected 127.882 128.65987 -0.71098965 -0.5998968
Collision detected 127.922035 128.75516 -0.7119109 -0.5886879
Collision detected 137.17076 138.32024 0.7135434 0.79352224
Collision detected 138.19492 138.47707 0.79078025 0.7562155
Collision detected 138.33917 138.59335 0.77351165 0.7293144
Collision detected 138.41644 138.67238 0.7643164 0.70928
Collision detected 138.45078 138.73831 0.7569607 0.6926606
Collision detected 138.48709 138.79045 0.7489827 0.67694587
Collision detected 138.5543 138.86443 0.7420432 0.6623297
Collision detected 138.59377 138.91779 0.7353988 0.647317
Collision detected 138.64874 138.99005 0.7282165 0.6331694
Collision detected 138.69339 139.0482 0.7218148 0.61823744
Collision detected 138.74289 139.1239 0.71467584 0.6036521
Collision detected 138.7867 139.19685 0.70719755 0.58831996
Collision detected 141.12093 141.31 0.59738165 0.7468193
Collision detected 141.42354 141.35632 0.6371153 0.7422284
Collision detected 141.56999 141.41032 0.65516555 0.73832893
Collision detected 141.67657 141.43475 0.6637596 0.73168194
Collision detected 141.75172 141.44 0.6708614 0.7241826
Ego progress:  116.7919921875
Opp1 progress:  148.85665893554688
Opp2 progress:  97.32599639892578
[W&B] Appended episode data, total episodes now: 12
[W&B] Uploaded combined artifact with 12 episodes
[Episode 187] Uploaded episode data to combined artifact
[Seed] Global seed set to 1756629833
[Episode 188] Using seed 1756629833
ep_no: 188
ego params:  0.3045829091071153 0.41725560160859443 0.37177020666804494 1.0220988039208008
opp params:  0.36693274679011323 0.135282811795568 0.3540742495481949 1.0570732994659449
opp1 params: 0.27896140869065916 0.21567068825197275 0.21092573467771597 1.0263060402146669
Collision detected 77.90896 78.24358 0.61896753 0.73616093
Collision detected 78.21578 78.32123 0.6455349 0.7355269
Collision detected 78.41596 78.39325 0.6581905 0.73517597
Collision detected 78.46231 78.446655 0.65372497 0.7351606
Collision detected 78.505264 78.46883 0.6477799 0.73223263
Collision detected 78.54784 78.490074 0.64097935 0.73230517
Collision detected 78.59116 78.51173 0.6335797 0.73212594
Collision detected 78.63719 78.53466 0.62578994 0.7315224
Collision detected 78.53466 78.17683 0.7315224 0.5907026
Collision detected 78.68764 78.55789 0.6175786 0.7304905
Collision detected 78.68764 78.3842 0.6175786 0.5810909
Collision detected 78.55789 78.3842 0.7304905 0.5810909
Collision detected 78.742 78.58215 0.609057 0.7290353
Collision detected 78.742 78.586174 0.609057 0.5721953
Collision detected 78.58215 78.586174 0.7290353 0.5721953
Collision detected 78.796555 78.598206 0.60537946 0.72872037
Collision detected 78.796555 78.672195 0.60537946 0.5698429
Collision detected 78.598206 78.672195 0.72872037 0.5698429
Collision detected 78.841 78.61052 0.6042419 0.7287076
Collision detected 78.841 78.70465 0.6042419 0.5705252
Collision detected 78.61052 78.70465 0.7287076 0.5705252
Collision detected 78.880646 78.6225 0.60459524 0.7286423
Collision detected 78.880646 78.72822 0.60459524 0.57175934
Collision detected 78.6225 78.72822 0.7286423 0.57175934
Collision detected 78.920296 78.63411 0.6058983 0.72855437
Collision detected 78.920296 78.75115 0.6058983 0.5731052
Collision detected 78.63411 78.75115 0.72855437 0.5731052
Collision detected 78.95904 78.64535 0.60791004 0.72845924
Collision detected 78.95904 78.77459 0.60791004 0.5745066
Collision detected 78.64535 78.77459 0.72845924 0.5745066
Collision detected 78.99868 78.657135 0.610599 0.7283478
Collision detected 78.99868 78.79967 0.610599 0.57591873
Collision detected 78.657135 78.79967 0.7283478 0.57591873
Collision detected 79.03924 78.667915 0.61387205 0.7281984
Collision detected 79.03924 78.82473 0.61387205 0.57735246
Collision detected 78.667915 78.82473 0.7281984 0.57735246
Collision detected 79.08095 78.85093 0.61753166 0.57880324
Collision detected 78.67861 78.85093 0.7280098 0.57880324
Collision detected 79.12153 78.87851 0.62159246 0.5802604
Collision detected 78.689064 78.87851 0.72782207 0.5802604
Collision detected 79.16163 78.907745 0.6259626 0.5817095
Collision detected 78.69913 78.907745 0.7276723 0.5817095
Collision detected 79.20247 78.94012 0.6304072 0.5830819
Collision detected 78.70882 78.94012 0.7275626 0.5830819
Collision detected 79.23949 78.97341 0.6348764 0.58442205
Collision detected 78.71811 78.97341 0.72750115 0.58442205
Collision detected 79.274765 79.00886 0.63933915 0.58572984
Collision detected 78.72714 79.00886 0.7274568 0.58572984
Collision detected 79.31061 79.047775 0.6436919 0.5869792
Collision detected 78.736015 79.047775 0.7274056 0.5869792
Collision detected 79.34171 79.08665 0.6477994 0.5881184
Collision detected 78.74486 79.08665 0.7273147 0.5881184
Collision detected 79.37025 79.1264 0.6516834 0.5892413
Collision detected 79.396194 79.16626 0.655308 0.59036684
Collision detected 79.41974 79.20677 0.65866685 0.591415
Collision detected 79.44431 79.24327 0.6617127 0.5925084
Collision detected 79.46388 79.27745 0.6644823 0.5936577
Collision detected 79.48135 79.31189 0.667001 0.5948063
Collision detected 79.496956 79.34239 0.6692928 0.5959013
Collision detected 79.510994 79.37151 0.67140675 0.59701043
Collision detected 79.523766 79.39944 0.673377 0.59812593
Collision detected 79.53533 79.42632 0.67523116 0.5992355
Collision detected 79.54578 79.4551 0.67698765 0.60022545
Collision detected 79.5554 79.4803 0.6786687 0.6011907
Collision detected 79.56769 79.50477 0.68026215 0.60213417
Collision detected 79.57539 79.528625 0.6818036 0.6030512
Collision detected 79.58245 79.55191 0.68331087 0.6039359
Collision detected 79.58873 79.57785 0.6848118 0.6047025
Collision detected 79.59437 79.600136 0.68630546 0.60539895
Collision detected 79.59974 79.621994 0.68778247 0.60605365
Collision detected 79.60607 79.659065 0.68870926 0.6055209
Collision detected 79.60972 79.70627 0.69045883 0.60441834
Collision detected 79.61587 79.75204 0.69130635 0.60295165
Collision detected 79.61999 79.79887 0.69291985 0.60137737
Collision detected 79.62633 79.850876 0.69360995 0.5994943
Collision detected 79.631035 79.898865 0.69500464 0.5974185
Collision detected 79.63549 79.9514 0.6964382 0.595212
Collision detected 79.6447 80.00294 0.6970562 0.5930345
Ego progress:  81.42318725585938
Opp1 progress:  79.67076110839844
Opp2 progress:  99.5890884399414
[W&B] Appended episode data, total episodes now: 13
[W&B] Uploaded combined artifact with 13 episodes
[Episode 188] Uploaded episode data to combined artifact
[Seed] Global seed set to 1756629834
[Episode 189] Using seed 1756629834
ep_no: 189
ego params:  0.32774422025884525 0.33307373130771356 0.370825644497872 0.9309243125162597
opp params:  0.36693274679011323 0.135282811795568 0.3540742495481949 1.0570732994659449
opp1 params: 0.27896140869065916 0.21567068825197275 0.21092573467771597 1.0263060402146669
Ego progress:  127.69567108154297
Opp1 progress:  2.285526990890503
Opp2 progress:  142.6715850830078
[W&B] Appended episode data, total episodes now: 14
[W&B] Uploaded combined artifact with 14 episodes
[Episode 189] Uploaded episode data to combined artifact
[Seed] Global seed set to 1756629835
[Episode 190] Using seed 1756629835
ep_no: 190
ego params:  0.32774422025884525 0.33307373130771356 0.370825644497872 0.9309243125162597
opp params:  0.22906904674733386 0.3813371602202301 0.3610525220545062 1.0071892530393176
opp1 params: 0.27896140869065916 0.21567068825197275 0.21092573467771597 1.0263060402146669
Collision detected 126.03335 125.74616 0.16124892 0.4525944
Collision detected 126.24457 126.019554 0.07776314 0.3488707
Collision detected 126.44605 126.26364 -0.0100419065 0.23232901
Collision detected 126.63086 126.46813 -0.09815414 0.12316997
Collision detected 126.79093 126.6255 -0.18359306 0.038584348
Collision detected 126.9324 126.742874 -0.25481555 -0.022379968
Collision detected 127.06203 126.83845 -0.31570467 -0.07021899
Collision detected 127.18869 126.93016 -0.36874688 -0.113880485
Collision detected 127.31892 127.032 -0.41398343 -0.1590078
Collision detected 127.457436 127.14025 -0.45184547 -0.21538028
Collision detected 127.61121 127.264946 -0.4804011 -0.28368312
Collision detected 127.79615 127.42687 -0.49573123 -0.34693047
Collision detected 127.95324 127.58253 -0.5046994 -0.39903438
Collision detected 128.10277 127.72056 -0.5167968 -0.43214422
Collision detected 128.25134 127.817474 -0.5203227 -0.4507107
Collision detected 128.39229 127.88616 -0.51133895 -0.46259996
Collision detected 128.52556 127.96446 -0.49122807 -0.47246096
Collision detected 129.70218 129.3552 -0.13290036 -0.40672752
Collision detected 129.84512 129.66806 -0.015086615 -0.31632036
Collision detected 129.97917 129.88455 0.10201242 -0.20120348
Collision detected 130.11726 130.04156 0.20733762 -0.0940921
Collision detected 130.26 130.1796 0.2873012 -0.00017696735
Collision detected 130.42064 130.31 0.3539317 0.088772826
Collision detected 130.58911 130.43452 0.40921566 0.16118799
Collision detected 130.76053 130.55008 0.4544374 0.21782494
Collision detected 130.93555 130.65846 0.4876074 0.25703114
Collision detected 134.0222 133.79573 0.16798903 -0.043922354
Collision detected 134.31741 134.16054 0.12157846 -0.062476415
Collision detected 134.60622 134.51067 0.08996954 -0.056790497
Collision detected 134.86049 134.76146 0.10160925 -0.035124555
Collision detected 135.05782 134.87712 0.14167555 -0.017991671
Collision detected 135.21722 134.9367 0.18436426 -0.0070226155
Collision detected 136.25674 136.02022 0.7400328 0.44903186
Collision detected 136.30745 136.1794 0.7652941 0.60757047
Collision detected 136.34293 136.31761 0.77767926 0.73724914
Collision detected 136.35826 136.35872 0.7796888 0.76521075
Collision detected 136.36157 136.38351 0.7776881 0.77270174
Collision detected 136.36362 136.40805 0.77524257 0.7812662
Collision detected 136.38768 136.42645 0.77506506 0.78517926
Collision detected 136.40556 136.44106 0.7743777 0.78669083
Collision detected 136.42232 136.45155 0.773175 0.786293
Collision detected 136.43925 136.46165 0.77169466 0.7858559
Collision detected 136.4553 136.46986 0.76994145 0.7848303
Collision detected 136.47061 136.47618 0.7679957 0.78328043
Collision detected 136.48628 136.48106 0.7659648 0.78137666
Collision detected 136.51047 136.48491 0.76377076 0.7792432
Collision detected 136.52998 136.48741 0.76149154 0.77687985
Collision detected 136.55072 136.48956 0.75922406 0.7744481
Collision detected 136.57077 136.49551 0.7569382 0.7722657
Collision detected 136.59027 136.50247 0.754666 0.7700385
Collision detected 136.6105 136.50916 0.75244915 0.76776433
Collision detected 136.6426 136.51245 0.750177 0.7654842
Collision detected 136.66214 136.51746 0.7477564 0.7634616
Collision detected 136.68213 136.52261 0.745436 0.76145554
Collision detected 136.70245 136.5278 0.74321175 0.75946015
Collision detected 136.72276 136.53506 0.7410934 0.7577789
Collision detected 136.7464 136.54442 0.73910254 0.75639987
Collision detected 136.78362 136.55405 0.73687565 0.755056
Collision detected 136.80403 136.56374 0.7346315 0.75372773
Collision detected 136.82469 136.57532 0.7325691 0.752694
Collision detected 136.84555 136.58728 0.73069346 0.7517119
Collision detected 136.87595 136.60175 0.72901803 0.7511277
Collision detected 136.9198 136.6167 0.72693795 0.75060797
Collision detected 136.9432 136.64618 0.72480464 0.7503978
Collision detected 136.9656 136.66165 0.7229884 0.7497163
Collision detected 137.00786 136.68494 0.7215076 0.7502558
Collision detected 137.05533 136.71234 0.7191907 0.75132227
Collision detected 137.08705 136.74182 0.7168957 0.7525695
Collision detected 137.13799 136.78947 0.71513075 0.7533783
Collision detected 137.19193 136.81758 0.7121397 0.7540583
Collision detected 137.25475 136.84544 0.7093161 0.75487953
Collision detected 137.31192 136.89058 0.7056847 0.75586003
Collision detected 137.40202 136.93507 0.7015773 0.75583124
Collision detected 137.52074 136.96286 0.6948089 0.75610125
Collision detected 137.6694 137.01418 0.68407434 0.7567028
Collision detected 137.93567 137.07124 0.66236305 0.7559953
Collision detected 138.16536 137.12097 0.6256759 0.7556906
Collision detected 138.2928 137.18552 0.5853347 0.754617
Collision detected 138.41168 137.27501 0.52957743 0.7531407
Collision detected 146.62892 146.47313 0.5591836 0.4278969
Collision detected 146.9278 146.97159 0.5448066 0.40575457
Collision detected 147.19942 147.20215 0.5346653 0.39588192
Collision detected 147.29625 147.4026 0.5362526 0.38812014
Collision detected 147.33983 147.57477 0.5386606 0.38178775
Collision detected 17.369692 17.63114 -0.41490662 -0.5227093
Collision detected 17.854218 18.03835 -0.39902687 -0.5117392
Collision detected 18.159863 18.42652 -0.39088735 -0.514827
Ego progress:  85.27999877929688
Opp1 progress:  1.4136677980422974
Opp2 progress:  100.53429412841797
[W&B] Appended episode data, total episodes now: 15
[W&B] Uploaded combined artifact with 15 episodes
[Episode 190] Uploaded episode data to combined artifact
[Seed] Global seed set to 1756629836
[Episode 191] Using seed 1756629836
ep_no: 191
ego params:  0.32774422025884525 0.33307373130771356 0.370825644497872 0.9309243125162597
opp params:  0.22906904674733386 0.3813371602202301 0.3610525220545062 1.0071892530393176
opp1 params: 0.4464564026951936 0.23265585482298287 0.2632721761229337 0.9125443384543497
Collision detected 127.90557 127.248795 -0.60800666 -0.5204173
Collision detected 128.20737 127.46347 -0.6166691 -0.6697528
Collision detected 128.40652 127.6878 -0.6023417 -0.7359779
Collision detected 128.52643 127.8938 -0.5832934 -0.75045836
Collision detected 128.62929 127.94675 -0.5633487 -0.75364995
Collision detected 128.70967 128.05502 -0.55373275 -0.7544061
Collision detected 128.78134 128.15712 -0.5407225 -0.7532513
Collision detected 136.01726 135.65485 -0.3765138 -0.2885859
Collision detected 136.2484 135.97221 -0.2636474 -0.18253843
Collision detected 136.46753 136.24512 -0.12795585 -0.047236163
Collision detected 136.66895 136.43066 0.011495509 0.085281335
Collision detected 136.85474 136.5587 0.14764984 0.18720433
Collision detected 137.05531 136.66678 0.28151947 0.2798053
Collision detected 137.26541 136.7748 0.42691645 0.3833981
Collision detected 138.32457 137.08217 0.5873969 0.64260566
Collision detected 18.499287 18.446932 0.625654 0.5862553
Collision detected 18.644545 18.87366 0.6175212 0.5769019
Collision detected 18.734303 18.92615 0.61541164 0.5760634
Collision detected 18.781122 18.99421 0.61531603 0.5734539
Collision detected 18.812052 19.068218 0.61533993 0.5693722
Collision detected 18.841951 19.151213 0.61698866 0.56353045
Ego progress:  115.32160186767578
Opp1 progress:  129.7430419921875
Opp2 progress:  104.3212890625
[W&B] Appended episode data, total episodes now: 16
[W&B] Uploaded combined artifact with 16 episodes
[Episode 191] Uploaded episode data to combined artifact
[Seed] Global seed set to 1756629837
[Episode 192] Using seed 1756629837
ep_no: 192
ego params:  0.3974392743690617 0.3130189944377238 0.21591634787100056 0.9144410414225204
opp params:  0.22906904674733386 0.3813371602202301 0.3610525220545062 1.0071892530393176
opp1 params: 0.4464564026951936 0.23265585482298287 0.2632721761229337 0.9125443384543497
Collision detected 141.006 140.71988 0.759981 0.68614584
Collision detected 141.04999 140.79 0.7621769 0.68810654
Collision detected 141.09212 140.84932 0.76096904 0.6827987
Collision detected 141.1487 140.91895 0.76180804 0.680681
Collision detected 141.18 140.94443 0.76270646 0.6734669
Collision detected 141.22629 140.99356 0.76105654 0.6647901
Collision detected 141.27751 141.03955 0.7612967 0.65742135
Collision detected 141.31 141.05898 0.76163715 0.64781773
Collision detected 141.35397 141.10785 0.759795 0.6360057
Collision detected 141.406 141.1607 0.7596391 0.6267911
Collision detected 141.44 141.19498 0.76709235 0.615681
Collision detected 141.4838 141.25775 0.7638589 0.6033008
Collision detected 141.53587 141.31 0.7630144 0.5930379
Collision detected 141.56999 141.38058 0.76256686 0.5802021
Collision detected 141.61754 141.44315 0.77002287 0.57097274
Collision detected 141.66681 141.52963 0.7683971 0.5609883
Collision detected 141.7 141.60973 0.7669322 0.55361646
Collision detected 141.75015 141.70004 0.7639909 0.55085325
Collision detected 141.80243 141.8104 0.7624974 0.5510922
Collision detected 141.83737 141.90732 0.7601946 0.55294704
Collision detected 141.87971 142.02467 0.7563909 0.56837636
Collision detected 141.91914 142.1571 0.7532159 0.5902003
Collision detected 141.95763 142.29573 0.74993354 0.6121869
Collision detected 142.43504 142.15105 0.63386923 0.41781005
Collision detected 142.57565 142.51584 0.65454286 0.49359307
Collision detected 142.70767 142.87 0.6719348 0.55822563
Collision detected 142.80713 143.0199 0.68269837 0.5766584
Collision detected 142.85815 143.15941 0.6856544 0.58972406
Collision detected 38.32319 38.582058 0.7490394 0.79002905
Collision detected 38.450535 38.643333 0.7567598 0.7835429
Collision detected 38.50502 38.685204 0.7545217 0.77559507
Collision detected 38.528984 38.720875 0.7515373 0.7669569
Collision detected 38.5505 38.767548 0.74799335 0.7575285
Collision detected 38.572155 38.801586 0.74392825 0.7475659
Collision detected 38.594368 38.836815 0.7394206 0.73733425
Collision detected 38.627785 38.888107 0.7343517 0.72663474
Collision detected 38.651573 38.926826 0.7287875 0.71516365
Collision detected 38.67652 38.968212 0.7228732 0.7035092
Collision detected 38.70313 39.02857 0.7166126 0.69246995
Collision detected 38.735886 39.077072 0.7099652 0.6805176
Collision detected 38.775726 39.14706 0.7023233 0.66914904
Collision detected 38.81229 39.2066 0.70382047 0.6567092
Ego progress:  83.39302825927734
Opp1 progress:  87.11565399169922
Opp2 progress:  87.86808776855469
[W&B] Appended episode data, total episodes now: 17
[W&B] Uploaded combined artifact with 17 episodes
[Episode 192] Uploaded episode data to combined artifact
[Seed] Global seed set to 1756629838
[Episode 193] Using seed 1756629838
ep_no: 193
ego params:  0.3974392743690617 0.3130189944377238 0.21591634787100056 0.9144410414225204
opp params:  0.2695236631325736 0.15313622984783326 0.27611536693174166 1.0642169503799273
opp1 params: 0.4464564026951936 0.23265585482298287 0.2632721761229337 0.9125443384543497
Ego progress:  122.58677673339844
Opp1 progress:  2.6007747650146484
Opp2 progress:  116.55874633789062
Error in callback:  setting an array element with a sequence.
[W&B] Appended episode data, total episodes now: 18
Traceback (most recent call last):
  File "/home/mahin-sanklecha/.local/lib/python3.10/site-packages/jax/_src/array.py", line 263, in __float__
    return self._value.__float__()
  File "/home/mahin-sanklecha/.local/lib/python3.10/site-packages/jax/_src/profiler.py", line 314, in wrapper
    return func(*args, **kwargs)
  File "/home/mahin-sanklecha/.local/lib/python3.10/site-packages/jax/_src/array.py", line 516, in _value
    self._npy_value = self._single_device_array_to_np_array()  # type: ignore
KeyboardInterrupt

The above exception was the direct cause of the following exception:

Traceback (most recent call last):
  File "/home/mahin-sanklecha/alpha-RACER/car_ros2/car_ros2/multi_car_blocking.py", line 412, in timer_callback
    self._upload_current_episode()
  File "/home/mahin-sanklecha/alpha-RACER/car_ros2/car_ros2/multi_car_blocking.py", line 344, in _upload_current_episode
    arr = np.array(self.buffer, dtype=np.float32)
ValueError: setting an array element with a sequence.

During handling of the above exception, another exception occurred:

Traceback (most recent call last):
  File "/home/mahin-sanklecha/alpha-RACER/car_ros2/car_ros2/multi_car_blocking.py", line 1115, in <module>
    main()
  File "/home/mahin-sanklecha/alpha-RACER/car_ros2/car_ros2/multi_car_blocking.py", line 1109, in main
    car_node.timer_callback()
  File "/home/mahin-sanklecha/alpha-RACER/car_ros2/car_ros2/multi_car_blocking.py", line 840, in timer_callback
    self._upload_current_episode()
  File "/home/mahin-sanklecha/alpha-RACER/car_ros2/car_ros2/multi_car_blocking.py", line 347, in _upload_current_episode
    success = self.wandb_manager.upload()
  File "/home/mahin-sanklecha/alpha-RACER/car_ros2/car_ros2/multi_car_blocking.py", line 74, in upload
    self.run.log_artifact(artifact)
  File "/home/mahin-sanklecha/.local/lib/python3.10/site-packages/wandb/sdk/wandb_run.py", line 399, in wrapper
    return func(self, *args, **kwargs)
  File "/home/mahin-sanklecha/.local/lib/python3.10/site-packages/wandb/sdk/wandb_run.py", line 457, in wrapper_fn
    return func(self, *args, **kwargs)
  File "/home/mahin-sanklecha/.local/lib/python3.10/site-packages/wandb/sdk/wandb_run.py", line 444, in wrapper
    return func(self, *args, **kwargs)
  File "/home/mahin-sanklecha/.local/lib/python3.10/site-packages/wandb/sdk/wandb_run.py", line 3159, in log_artifact
    return self._log_artifact(
  File "/home/mahin-sanklecha/.local/lib/python3.10/site-packages/wandb/sdk/wandb_run.py", line 3310, in _log_artifact
    self._assert_can_log_artifact(artifact)
  File "/home/mahin-sanklecha/.local/lib/python3.10/site-packages/wandb/sdk/wandb_run.py", line 3358, in _assert_can_log_artifact
    public_api = self._public_api()
  File "/home/mahin-sanklecha/.local/lib/python3.10/site-packages/wandb/sdk/wandb_run.py", line 3351, in _public_api
    return public.Api(overrides)
  File "/home/mahin-sanklecha/.local/lib/python3.10/site-packages/wandb/apis/public/api.py", line 352, in __init__
    self._configure_sentry()
  File "/home/mahin-sanklecha/.local/lib/python3.10/site-packages/wandb/apis/public/api.py", line 356, in _configure_sentry
    viewer = self.viewer
  File "/home/mahin-sanklecha/.local/lib/python3.10/site-packages/wandb/apis/public/api.py", line 780, in viewer
    viewer = self._client.execute(self.VIEWER_QUERY).get("viewer")
  File "/home/mahin-sanklecha/.local/lib/python3.10/site-packages/wandb/sdk/lib/retry.py", line 211, in wrapped_fn
    return retrier(*args, **kargs)
  File "/home/mahin-sanklecha/.local/lib/python3.10/site-packages/wandb/sdk/lib/retry.py", line 134, in __call__
    result = self._call_fn(*args, **kwargs)
  File "/home/mahin-sanklecha/.local/lib/python3.10/site-packages/wandb/apis/public/api.py", line 116, in execute
    return self._client.execute(*args, **kwargs)
  File "/home/mahin-sanklecha/.local/lib/python3.10/site-packages/wandb/vendor/gql-0.2.0/wandb_gql/client.py", line 52, in execute
    result = self._get_result(document, *args, **kwargs)
  File "/home/mahin-sanklecha/.local/lib/python3.10/site-packages/wandb/vendor/gql-0.2.0/wandb_gql/client.py", line 60, in _get_result
    return self.transport.execute(document, *args, **kwargs)
  File "/home/mahin-sanklecha/.local/lib/python3.10/site-packages/wandb/sdk/lib/gql_request.py", line 58, in execute
    request = self.session.post(self.url, **post_args)
  File "/home/mahin-sanklecha/.local/lib/python3.10/site-packages/requests/sessions.py", line 637, in post
    return self.request("POST", url, data=data, json=json, **kwargs)
  File "/home/mahin-sanklecha/.local/lib/python3.10/site-packages/requests/sessions.py", line 589, in request
    resp = self.send(prep, **send_kwargs)
  File "/home/mahin-sanklecha/.local/lib/python3.10/site-packages/requests/sessions.py", line 703, in send
    r = adapter.send(request, **kwargs)
  File "/home/mahin-sanklecha/.local/lib/python3.10/site-packages/requests/adapters.py", line 644, in send
    resp = conn.urlopen(
  File "/home/mahin-sanklecha/.local/lib/python3.10/site-packages/urllib3/connectionpool.py", line 787, in urlopen
    response = self._make_request(
  File "/home/mahin-sanklecha/.local/lib/python3.10/site-packages/urllib3/connectionpool.py", line 534, in _make_request
    response = conn.getresponse()
  File "/home/mahin-sanklecha/.local/lib/python3.10/site-packages/urllib3/connection.py", line 565, in getresponse
    httplib_response = super().getresponse()
  File "/usr/lib/python3.10/http/client.py", line 1375, in getresponse
    response.begin()
  File "/usr/lib/python3.10/http/client.py", line 318, in begin
    version, status, reason = self._read_status()
  File "/usr/lib/python3.10/http/client.py", line 279, in _read_status
    line = str(self.fp.readline(_MAXLINE + 1), "iso-8859-1")
  File "/usr/lib/python3.10/socket.py", line 705, in readinto
    return self._sock.recv_into(b)
  File "/usr/lib/python3.10/ssl.py", line 1303, in recv_into
    return self.read(nbytes, buffer)
  File "/usr/lib/python3.10/ssl.py", line 1159, in read
    return self._sslobj.read(len, buffer)
KeyboardInterrupt
Traceback (most recent call last):
  File "/home/mahin-sanklecha/.local/lib/python3.10/site-packages/jax/_src/array.py", line 263, in __float__
    return self._value.__float__()
  File "/home/mahin-sanklecha/.local/lib/python3.10/site-packages/jax/_src/profiler.py", line 314, in wrapper
    return func(*args, **kwargs)
  File "/home/mahin-sanklecha/.local/lib/python3.10/site-packages/jax/_src/array.py", line 516, in _value
    self._npy_value = self._single_device_array_to_np_array()  # type: ignore
KeyboardInterrupt

The above exception was the direct cause of the following exception:

Traceback (most recent call last):
  File "/home/mahin-sanklecha/alpha-RACER/car_ros2/car_ros2/multi_car_blocking.py", line 412, in timer_callback
    self._upload_current_episode()
  File "/home/mahin-sanklecha/alpha-RACER/car_ros2/car_ros2/multi_car_blocking.py", line 344, in _upload_current_episode
    arr = np.array(self.buffer, dtype=np.float32)
ValueError: setting an array element with a sequence.

During handling of the above exception, another exception occurred:

Traceback (most recent call last):
  File "/home/mahin-sanklecha/alpha-RACER/car_ros2/car_ros2/multi_car_blocking.py", line 1115, in <module>
    main()
  File "/home/mahin-sanklecha/alpha-RACER/car_ros2/car_ros2/multi_car_blocking.py", line 1109, in main
    car_node.timer_callback()
  File "/home/mahin-sanklecha/alpha-RACER/car_ros2/car_ros2/multi_car_blocking.py", line 840, in timer_callback
    self._upload_current_episode()
  File "/home/mahin-sanklecha/alpha-RACER/car_ros2/car_ros2/multi_car_blocking.py", line 347, in _upload_current_episode
    success = self.wandb_manager.upload()
  File "/home/mahin-sanklecha/alpha-RACER/car_ros2/car_ros2/multi_car_blocking.py", line 74, in upload
    self.run.log_artifact(artifact)
  File "/home/mahin-sanklecha/.local/lib/python3.10/site-packages/wandb/sdk/wandb_run.py", line 399, in wrapper
    return func(self, *args, **kwargs)
  File "/home/mahin-sanklecha/.local/lib/python3.10/site-packages/wandb/sdk/wandb_run.py", line 457, in wrapper_fn
    return func(self, *args, **kwargs)
  File "/home/mahin-sanklecha/.local/lib/python3.10/site-packages/wandb/sdk/wandb_run.py", line 444, in wrapper
    return func(self, *args, **kwargs)
  File "/home/mahin-sanklecha/.local/lib/python3.10/site-packages/wandb/sdk/wandb_run.py", line 3159, in log_artifact
    return self._log_artifact(
  File "/home/mahin-sanklecha/.local/lib/python3.10/site-packages/wandb/sdk/wandb_run.py", line 3310, in _log_artifact
    self._assert_can_log_artifact(artifact)
  File "/home/mahin-sanklecha/.local/lib/python3.10/site-packages/wandb/sdk/wandb_run.py", line 3358, in _assert_can_log_artifact
    public_api = self._public_api()
  File "/home/mahin-sanklecha/.local/lib/python3.10/site-packages/wandb/sdk/wandb_run.py", line 3351, in _public_api
    return public.Api(overrides)
  File "/home/mahin-sanklecha/.local/lib/python3.10/site-packages/wandb/apis/public/api.py", line 352, in __init__
    self._configure_sentry()
  File "/home/mahin-sanklecha/.local/lib/python3.10/site-packages/wandb/apis/public/api.py", line 356, in _configure_sentry
    viewer = self.viewer
  File "/home/mahin-sanklecha/.local/lib/python3.10/site-packages/wandb/apis/public/api.py", line 780, in viewer
    viewer = self._client.execute(self.VIEWER_QUERY).get("viewer")
  File "/home/mahin-sanklecha/.local/lib/python3.10/site-packages/wandb/sdk/lib/retry.py", line 211, in wrapped_fn
    return retrier(*args, **kargs)
  File "/home/mahin-sanklecha/.local/lib/python3.10/site-packages/wandb/sdk/lib/retry.py", line 134, in __call__
    result = self._call_fn(*args, **kwargs)
  File "/home/mahin-sanklecha/.local/lib/python3.10/site-packages/wandb/apis/public/api.py", line 116, in execute
    return self._client.execute(*args, **kwargs)
  File "/home/mahin-sanklecha/.local/lib/python3.10/site-packages/wandb/vendor/gql-0.2.0/wandb_gql/client.py", line 52, in execute
    result = self._get_result(document, *args, **kwargs)
  File "/home/mahin-sanklecha/.local/lib/python3.10/site-packages/wandb/vendor/gql-0.2.0/wandb_gql/client.py", line 60, in _get_result
    return self.transport.execute(document, *args, **kwargs)
  File "/home/mahin-sanklecha/.local/lib/python3.10/site-packages/wandb/sdk/lib/gql_request.py", line 58, in execute
    request = self.session.post(self.url, **post_args)
  File "/home/mahin-sanklecha/.local/lib/python3.10/site-packages/requests/sessions.py", line 637, in post
    return self.request("POST", url, data=data, json=json, **kwargs)
  File "/home/mahin-sanklecha/.local/lib/python3.10/site-packages/requests/sessions.py", line 589, in request
    resp = self.send(prep, **send_kwargs)
  File "/home/mahin-sanklecha/.local/lib/python3.10/site-packages/requests/sessions.py", line 703, in send
    r = adapter.send(request, **kwargs)
  File "/home/mahin-sanklecha/.local/lib/python3.10/site-packages/requests/adapters.py", line 644, in send
    resp = conn.urlopen(
  File "/home/mahin-sanklecha/.local/lib/python3.10/site-packages/urllib3/connectionpool.py", line 787, in urlopen
    response = self._make_request(
  File "/home/mahin-sanklecha/.local/lib/python3.10/site-packages/urllib3/connectionpool.py", line 534, in _make_request
    response = conn.getresponse()
  File "/home/mahin-sanklecha/.local/lib/python3.10/site-packages/urllib3/connection.py", line 565, in getresponse
    httplib_response = super().getresponse()
  File "/usr/lib/python3.10/http/client.py", line 1375, in getresponse
    response.begin()
  File "/usr/lib/python3.10/http/client.py", line 318, in begin
    version, status, reason = self._read_status()
  File "/usr/lib/python3.10/http/client.py", line 279, in _read_status
    line = str(self.fp.readline(_MAXLINE + 1), "iso-8859-1")
  File "/usr/lib/python3.10/socket.py", line 705, in readinto
    return self._sock.recv_into(b)
  File "/usr/lib/python3.10/ssl.py", line 1303, in recv_into
    return self.read(nbytes, buffer)
  File "/usr/lib/python3.10/ssl.py", line 1159, in read
    return self._sslobj.read(len, buffer)
KeyboardInterrupt
Exception ignored in atexit callback: <function _start_and_connect_service.<locals>.teardown_atexit at 0x7ba8a40f8d30>
Traceback (most recent call last):
  File "/home/mahin-sanklecha/.local/lib/python3.10/site-packages/wandb/sdk/lib/service/service_connection.py", line 54, in teardown_atexit
    conn.teardown(hooks.exit_code)
  File "/home/mahin-sanklecha/.local/lib/python3.10/site-packages/wandb/sdk/lib/service/service_connection.py", line 182, in teardown
    self._router.join()
  File "/home/mahin-sanklecha/.local/lib/python3.10/site-packages/wandb/sdk/interface/router.py", line 75, in join
    self._thread.join()
  File "/usr/lib/python3.10/threading.py", line 1096, in join
    self._wait_for_tstate_lock()
  File "/usr/lib/python3.10/threading.py", line 1116, in _wait_for_tstate_lock
    if lock.acquire(block, timeout):
KeyboardInterrupt:
Exception ignored in atexit callback: <bound method finalize._exitfunc of <class 'weakref.finalize'>>
Traceback (most recent call last):
  File "/usr/lib/python3.10/weakref.py", line 667, in _exitfunc
    f()
  File "/usr/lib/python3.10/weakref.py", line 591, in __call__
    return info.func(*info.args, **(info.kwargs or {}))
  File "/home/mahin-sanklecha/.local/lib/python3.10/site-packages/urllib3/connectionpool.py", line 1176, in _close_pool_connections
    conn.close()
  File "/home/mahin-sanklecha/.local/lib/python3.10/site-packages/urllib3/connection.py", line 371, in close
    super().close()
KeyboardInterrupt:
