[W&B] Loading existing artifact: alpha_racer_multi_mpc_combined:latest
[W&B] No existing artifact or error: artifact membership 'alpha_racer_multi_mpc_combined:latest' not found in 'mahin-sank-iit-kgp/alpha-racer-data'

******************************************************************************
This program contains Ipopt, a library for large-scale nonlinear optimization.
 Ipopt is released as open source code under the Eclipse Public License (EPL).
         For more information visit https://github.com/coin-or/Ipopt
******************************************************************************

Collision detected 65.75397 65.96709 0.6416295 0.75495636
Collision detected 65.92683 66.02543 0.66059947 0.74788225
Collision detected 66.02064 66.07257 0.66873515 0.7407182
Collision detected 66.04898 66.117935 0.67231023 0.7347398
Collision detected 66.07225 66.15795 0.6741451 0.72933257
Collision detected 66.09445 66.19214 0.67504835 0.7236417
Collision detected 66.116806 66.23049 0.6755531 0.7175358
Collision detected 66.13946 66.269585 0.6752515 0.7114877
Collision detected 66.16251 66.307594 0.67427427 0.704804
Collision detected 66.18226 66.3493 0.6725769 0.6974762
Collision detected 66.20655 66.392845 0.6701929 0.689695
Collision detected 66.231766 66.43682 0.66716075 0.6812015
Collision detected 66.25822 66.48548 0.66381 0.6716803
Collision detected 66.28634 66.53771 0.6595309 0.66123843
Collision detected 66.31475 66.59285 0.6542577 0.64929694
Collision detected 66.34852 66.65582 0.64777863 0.6353418
Collision detected 66.38729 66.72556 0.63978976 0.61867505
Ego progress:  131.3527069091797
Opp1 progress:  138.49806213378906
Opp2 progress:  3.8744261264801025
[W&B] Appended episode data, total episodes: 1
[W&B] Uploaded combined artifact with 1 episodes
[Episode 226] Uploaded episode data to combined artifact
[Seed] Global seed set to 1756478001
[Episode 227] Using seed 1756478001
ep_no: 227
ego params:  0.2 0.2 0.24 1.0
opp params:  0.1 0.5 0.15 1.0
opp1 params: 0.17820815077952373 0.4957208239408045 0.3733326759768548 1.0641093130742731
Ego progress:  128.02865600585938
Opp1 progress:  4.136085033416748
Opp2 progress:  126.65432739257812
[W&B] Appended episode data, total episodes: 2
[W&B] Uploaded combined artifact with 2 episodes
[Episode 227] Uploaded episode data to combined artifact
[Seed] Global seed set to 1756478002
[Episode 228] Using seed 1756478002
ep_no: 228
ego params:  0.2965716416807942 0.19258228357020912 0.3767886648997665 0.9857942295990187
opp params:  0.1 0.5 0.15 1.0
opp1 params: 0.17820815077952373 0.4957208239408045 0.3733326759768548 1.0641093130742731
Collision detected 128.46948 127.771194 -0.416896 -0.55892116
Collision detected 128.74023 128.19266 -0.424809 -0.6206719
Collision detected 129.02579 128.50511 -0.41660097 -0.6284584
Collision detected 135.52014 135.22516 0.12584803 -0.11229014
Collision detected 135.77095 135.54193 0.25955632 -0.03125143
Collision detected 135.98755 135.82204 0.42192617 0.08386894
Collision detected 136.1652 136.0571 0.6057929 0.22681342
Collision detected 136.30911 136.25348 0.75978774 0.39537176
Collision detected 136.39961 136.41318 0.8289859 0.58543944
Collision detected 136.45135 136.5486 0.8573075 0.7583787
Collision detected 136.48535 136.64397 0.8691729 0.8390155
Collision detected 136.51712 136.69081 0.873241 0.86686516
Collision detected 136.53409 136.7252 0.8747545 0.87964284
Collision detected 136.5469 136.77629 0.8745566 0.8870019
Collision detected 136.55579 136.81013 0.8731785 0.89117205
Collision detected 136.56235 136.83995 0.87120855 0.8938119
Collision detected 136.57329 136.89052 0.8698326 0.89551747
Collision detected 136.58516 136.94113 0.8684145 0.89539826
Collision detected 136.5969 136.98705 0.86685705 0.89514744
Collision detected 136.61136 137.05116 0.86557275 0.8939457
Collision detected 136.63846 137.12875 0.86431724 0.8920194
Collision detected 136.65851 137.19691 0.86294746 0.8888697
Collision detected 136.73497 138.48772 0.8576348 0.80728126
Ego progress:  130.71868896484375
Opp1 progress:  139.15377807617188
Opp2 progress:  126.74221801757812
[W&B] Appended episode data, total episodes: 3
[W&B] Uploaded combined artifact with 3 episodes
[Episode 228] Uploaded episode data to combined artifact
[Seed] Global seed set to 1756478003
[Episode 229] Using seed 1756478003
ep_no: 229
ego params:  0.2965716416807942 0.19258228357020912 0.3767886648997665 0.9857942295990187
opp params:  0.186197627457944 0.2132402575150815 0.49710212207561 0.9575650599752102
opp1 params: 0.17820815077952373 0.4957208239408045 0.3733326759768548 1.0641093130742731
Collision detected 123.432976 123.0454 0.30531555 0.16677332
Collision detected 123.662384 123.32546 0.2881659 0.1156861
Collision detected 123.87964 123.58906 0.27509245 0.071332596
Collision detected 125.04765 124.9202 0.16310258 -0.045886535
Collision detected 125.29133 125.19401 0.111631535 -0.083880186
Collision detected 125.51364 125.444176 0.03749833 -0.1483773
Collision detected 125.702896 125.608826 -0.046143103 -0.21497764
Collision detected 125.85598 125.71654 -0.13418506 -0.26947945
Collision detected 125.989746 125.80278 -0.22035722 -0.306423
Collision detected 126.10754 125.85543 -0.30264646 -0.3372837
Collision detected 126.222046 125.91755 -0.3804518 -0.3636738
Collision detected 126.32466 125.96999 -0.4551281 -0.39344302
Collision detected 126.813515 126.390274 -0.7234159 -0.6846692
Collision detected 126.84043 126.439896 -0.7286621 -0.7068742
Collision detected 126.873856 126.48111 -0.7315019 -0.7199079
Collision detected 126.911865 126.5206 -0.7329019 -0.7254647
Collision detected 126.93115 126.54558 -0.73351467 -0.7258431
Collision detected 126.94804 126.56332 -0.7335528 -0.7227629
Collision detected 126.9624 126.57616 -0.7330701 -0.7177163
Collision detected 126.37736 126.58522 -0.54459864 -0.7114861
Collision detected 126.97538 126.58522 -0.73230916 -0.7114861
Collision detected 126.548744 127.00066 -0.6846041 -0.7315736
Collision detected 126.548744 126.5911 -0.6846041 -0.70451075
Collision detected 127.00066 126.5911 -0.7315736 -0.70451075
Collision detected 126.598 127.029175 -0.7268252 -0.7304045
Collision detected 126.598 126.596344 -0.7268252 -0.69726294
Collision detected 127.029175 126.596344 -0.7304045 -0.69726294
Collision detected 126.60408 127.05011 -0.7267813 -0.7290181
Collision detected 126.60408 126.611565 -0.7267813 -0.7012041
Collision detected 127.05011 126.611565 -0.7290181 -0.7012041
Collision detected 126.61446 127.06383 -0.72579473 -0.72760016
Collision detected 126.61446 126.63287 -0.72579473 -0.6941851
Collision detected 127.06383 126.63287 -0.72760016 -0.6941851
Collision detected 126.62513 127.07733 -0.72426754 -0.72621936
Collision detected 126.62513 126.647766 -0.72426754 -0.69803864
Collision detected 127.07733 126.647766 -0.72621936 -0.69803864
Collision detected 126.63458 127.0909 -0.72244304 -0.724888
Collision detected 126.63458 126.66443 -0.72244304 -0.70217574
Collision detected 127.0909 126.66443 -0.724888 -0.70217574
Collision detected 126.63977 126.68133 -0.7204151 -0.7066018
Collision detected 127.11018 126.68133 -0.7236357 -0.7066018
Collision detected 126.6449 126.69862 -0.71821934 -0.711329
Collision detected 127.13753 126.69862 -0.72245795 -0.711329
Collision detected 126.64998 126.7158 -0.7158872 -0.71626824
Collision detected 127.164116 126.7158 -0.72065985 -0.71626824
Collision detected 126.65503 126.73476 -0.7134435 -0.7213485
Collision detected 127.1852 126.73476 -0.7188962 -0.7213485
Collision detected 126.66005 126.767784 -0.7109099 -0.72626317
Collision detected 127.19785 126.767784 -0.7172644 -0.72626317
Collision detected 126.66505 126.78524 -0.7083018 -0.7310841
Collision detected 127.21043 126.78524 -0.71574616 -0.7310841
Collision detected 126.67003 126.801056 -0.705634 -0.7358789
Collision detected 127.22637 126.801056 -0.71433175 -0.7358789
Collision detected 126.67501 126.81672 -0.7029162 -0.74069756
Collision detected 127.24989 126.81672 -0.7130207 -0.74069756
Collision detected 126.68001 126.83212 -0.700152 -0.7455076
Collision detected 127.27358 126.83212 -0.7117328 -0.7455076
Collision detected 126.68503 126.8472 -0.6973446 -0.7502749
Collision detected 127.29741 126.8472 -0.7098676 -0.7502749
Collision detected 126.69794 126.84923 -0.69714737 -0.753364
Collision detected 127.320786 126.84923 -0.70815986 -0.753364
Collision detected 126.71169 126.853455 -0.6971236 -0.757416
Collision detected 127.332306 126.853455 -0.70661104 -0.757416
Collision detected 126.725 126.86177 -0.696957 -0.76167643
Collision detected 127.34987 126.86177 -0.70522773 -0.76167643
Collision detected 126.747795 126.87014 -0.697744 -0.7659909
Collision detected 127.37276 126.87014 -0.70402944 -0.7659909
Collision detected 126.77242 126.87852 -0.698149 -0.77029324
Collision detected 127.39579 126.87852 -0.7030177 -0.77029324
Collision detected 126.785706 126.88691 -0.69835347 -0.77444595
Collision detected 127.4188 126.88691 -0.7013682 -0.77444595
Collision detected 126.79894 126.888885 -0.6985688 -0.777613
Collision detected 127.44179 126.888885 -0.69974196 -0.777613
Collision detected 126.81189 126.89088 -0.69874674 -0.7805215
Collision detected 127.46279 126.89088 -0.6983054 -0.7805215
Collision detected 126.8245 126.89294 -0.698883 -0.78332007
Collision detected 127.491974 126.89294 -0.6971153 -0.78332007
Collision detected 126.837524 126.895065 -0.6991546 -0.786076
Collision detected 126.849884 126.89724 -0.6993248 -0.78880394
Collision detected 126.86873 126.89947 -0.6994645 -0.79150945
Collision detected 126.89213 126.90174 -0.69938064 -0.7941937
Collision detected 126.91061 126.90407 -0.69923025 -0.79685867
Collision detected 126.9225 126.90644 -0.6991148 -0.7995037
Collision detected 126.93884 126.908775 -0.6998858 -0.8021844
Collision detected 126.95635 126.91007 -0.70095015 -0.8048519
Collision detected 126.97414 126.91139 -0.70212764 -0.8075032
Collision detected 127.00375 126.912735 -0.703246 -0.8101358
Collision detected 127.03843 126.9141 -0.70389926 -0.81275046
Collision detected 127.05687 126.91548 -0.70447004 -0.8153469
Collision detected 127.07391 126.91689 -0.70518875 -0.8179244
Collision detected 127.090965 126.921555 -0.7060391 -0.8199697
Collision detected 127.11562 126.92612 -0.7069727 -0.82190174
Collision detected 127.14909 126.9308 -0.70776653 -0.8237866
Collision detected 127.18111 126.932526 -0.7079977 -0.82618785
Collision detected 127.19692 126.93728 -0.708272 -0.82810533
Collision detected 127.21287 126.939674 -0.7087646 -0.8304753
Collision detected 127.23864 126.94456 -0.7094558 -0.8323399
Collision detected 127.27055 126.94706 -0.7102763 -0.8346593
Collision detected 127.301994 126.94943 -0.71013564 -0.837056
Collision detected 127.32692 126.95204 -0.7101843 -0.8394573
Collision detected 127.34642 126.95533 -0.7103338 -0.8418337
Collision detected 127.37631 126.95927 -0.71074265 -0.84418327
Collision detected 127.406746 126.963394 -0.7111453 -0.8465094
Collision detected 127.436226 126.96799 -0.71067774 -0.8488019
Collision detected 127.46433 126.973305 -0.7105345 -0.8510738
Collision detected 127.503716 126.98383 -0.71064895 -0.8533136
Collision detected 127.532845 126.99472 -0.7108727 -0.8555374
Collision detected 127.561806 127.00683 -0.71002626 -0.8577332
Collision detected 127.62405 127.01977 -0.70955306 -0.85970134
Collision detected 127.652985 127.03321 -0.7094538 -0.8615759
Collision detected 127.681595 127.046585 -0.7084088 -0.863457
Collision detected 127.75937 127.05406 -0.70743203 -0.8653487
Collision detected 9.541362 9.26209 -0.64714384 -0.6042266
Collision detected 9.683299 9.578052 -0.64597815 -0.58439857
Collision detected 9.801906 9.754844 -0.64614993 -0.57747376
Collision detected 9.884156 9.801116 -0.64605564 -0.57699144
Collision detected 9.944497 9.826175 -0.64323163 -0.57776874
Collision detected 9.9995365 9.850126 -0.6420063 -0.57910025
Collision detected 10.056598 9.875133 -0.6419794 -0.5809096
Collision detected 10.112231 9.904049 -0.643168 -0.5830956
Collision detected 10.172842 9.932439 -0.6453807 -0.5857331
Collision detected 10.23356 9.96337 -0.648543 -0.5888563
Collision detected 10.30047 9.997912 -0.6525695 -0.5925118
Collision detected 10.368808 10.0403 -0.65734965 -0.5966731
Collision detected 10.4447975 10.088386 -0.6627536 -0.6015563
Collision detected 10.797616 10.450798 -0.68717194 -0.6302004
Collision detected 10.888211 10.575465 -0.69262165 -0.63757616
Collision detected 10.9778 10.689249 -0.6974753 -0.64361703
Collision detected 11.059582 10.771533 -0.7017894 -0.6482868
Collision detected 11.130483 10.832511 -0.7055202 -0.65201026
Collision detected 11.199195 10.880056 -0.70891976 -0.6552054
Collision detected 11.262894 10.928908 -0.71188194 -0.65804225
Collision detected 11.329788 10.978485 -0.7145429 -0.66041124
Collision detected 11.395151 11.034797 -0.7167862 -0.6624409
Collision detected 11.465472 11.102651 -0.7187061 -0.66384864
Collision detected 11.534557 11.17701 -0.7202193 -0.6646479
Collision detected 11.607752 11.261382 -0.7213563 -0.664515
Collision detected 11.677808 11.347965 -0.7221632 -0.66374815
Collision detected 11.749737 11.427884 -0.72263336 -0.6626046
Collision detected 11.816512 11.502823 -0.7229245 -0.66126454
Collision detected 11.884263 11.567254 -0.72291225 -0.66000694
Collision detected 11.947449 11.629196 -0.7227726 -0.65852016
Collision detected 12.012946 11.686166 -0.7223238 -0.6569167
Collision detected 12.075381 11.7462435 -0.7217287 -0.65488195
Collision detected 12.141381 11.80545 -0.72081256 -0.6524553
Collision detected 12.2051735 11.870398 -0.7197265 -0.6494668
Collision detected 12.27295 11.935992 -0.71831244 -0.6459484
Collision detected 12.338562 12.007495 -0.7167404 -0.64182955
Collision detected 12.407931 12.07875 -0.71484596 -0.63725305
Collision detected 12.474755 12.154123 -0.7128397 -0.6321364
Collision detected 12.54498 12.229873 -0.7105044 -0.62675333
Collision detected 12.615275 12.302558 -0.70809656 -0.6209747
Collision detected 12.682684 12.377147 -0.7053803 -0.61498296
Collision detected 12.753291 12.4485035 -0.70257485 -0.6086564
Collision detected 12.821281 12.522367 -0.69948375 -0.6019351
Collision detected 12.89281 12.594104 -0.69624054 -0.5947578
Collision detected 12.962143 12.669593 -0.69272023 -0.5868793
Collision detected 13.035399 12.74698 -0.68895996 -0.57830906
Collision detected 13.106875 12.8245535 -0.68493044 -0.56866413
Collision detected 13.182611 12.907871 -0.6805526 -0.5578707
Collision detected 13.256927 12.992896 -0.6759274 -0.5456206
Collision detected 13.335868 13.084365 -0.6708015 -0.5315996
Collision detected 13.416614 13.178416 -0.66534936 -0.51614356
Collision detected 13.496754 13.27438 -0.6594075 -0.49932185
Collision detected 13.582537 13.370599 -0.65286434 -0.4808978
Collision detected 13.672039 13.4731655 -0.6456761 -0.46047717
Collision detected 13.763811 13.583229 -0.63756007 -0.4373407
Collision detected 13.865193 13.706117 -0.62820095 -0.41043115
Collision detected 14.239245 14.236539 -0.58782274 -0.3482413
Collision detected 14.398509 14.483059 -0.56769586 -0.3481879
Collision detected 14.586755 14.757668 -0.541871 -0.35991263
Collision detected 14.758347 15.047469 -0.51606935 -0.37755683
Ego progress:  65.43097686767578
Opp1 progress:  117.10478973388672
Opp2 progress:  69.19874572753906
[W&B] Appended episode data, total episodes: 4
[W&B] Uploaded combined artifact with 4 episodes
[Episode 229] Uploaded episode data to combined artifact
[Seed] Global seed set to 1756478004
[Episode 230] Using seed 1756478004
ep_no: 230
ego params:  0.2965716416807942 0.19258228357020912 0.3767886648997665 0.9857942295990187
opp params:  0.186197627457944 0.2132402575150815 0.49710212207561 0.9575650599752102
opp1 params: 0.37051006603465864 0.16146756665853262 0.1572601120804742 0.9814708103671226
Collision detected 122.54501 122.18039 0.27958363 0.59210545
Collision detected 120.95454 120.434135 0.7004311 0.6905698
Collision detected 121.03156 120.54946 0.6926638 0.6875203
Collision detected 121.10742 120.64753 0.682874 0.6851042
Collision detected 121.20472 120.72443 0.6731614 0.6840335
Collision detected 121.26629 120.80731 0.66311294 0.6762312
Collision detected 121.35134 120.84336 0.6519553 0.66964716
Collision detected 121.434395 120.89285 0.64069265 0.66396374
Ego progress:  134.01022338867188
Opp1 progress:  124.96604919433594
Opp2 progress:  132.4201202392578
[W&B] Appended episode data, total episodes: 5
[W&B] Uploaded combined artifact with 5 episodes
[Episode 230] Uploaded episode data to combined artifact
[Seed] Global seed set to 1756478005
[Episode 231] Using seed 1756478005
ep_no: 231
ego params:  0.20513195195851527 0.49431500013273044 0.313604251789388 1.0720066076429695
opp params:  0.186197627457944 0.2132402575150815 0.49710212207561 0.9575650599752102
opp1 params: 0.37051006603465864 0.16146756665853262 0.1572601120804742 0.9814708103671226
Collision detected 120.50915 120.96443 0.6340519 0.60554606
Collision detected 120.692505 121.124115 0.63177484 0.5925579
Collision detected 120.81992 121.31996 0.6259492 0.5838725
Collision detected 123.56044 124.08485 0.5506257 0.63823444
Collision detected 123.88823 124.23225 0.55605924 0.63688475
Collision detected 124.18321 124.386024 0.5650199 0.63826644
Collision detected 124.33904 124.54504 0.570647 0.6389587
Collision detected 124.41957 124.67533 0.5693742 0.63644737
Collision detected 124.4678 124.785904 0.5647296 0.63208675
Collision detected 124.503105 124.891785 0.56053776 0.6262161
Collision detected 124.575676 125.004425 0.55563754 0.6185945
Collision detected 124.62203 125.129425 0.54969186 0.60804635
Collision detected 124.71963 125.26158 0.5419562 0.5927253
Collision detected 124.82449 125.405334 0.5305935 0.57084745
Collision detected 127.7293 128.15486 -0.39730638 -0.17415263
Collision detected 128.15273 128.45105 -0.44854608 -0.21767823
Collision detected 128.53044 128.72676 -0.45055214 -0.23658113
Collision detected 128.86063 129.00069 -0.44085276 -0.24578294
Collision detected 129.15082 129.2738 -0.41411093 -0.24628866
Collision detected 129.36131 129.53674 -0.36838445 -0.21326579
Collision detected 129.46533 129.74348 -0.33086193 -0.16312923
Collision detected 129.53323 129.90207 -0.30193228 -0.090393305
Collision detected 131.88878 131.58705 0.59662795 0.49832642
Collision detected 132.0238 131.88203 0.57451946 0.4887784
Collision detected 132.17058 132.12413 0.54797405 0.46812466
Collision detected 132.30527 132.21504 0.5204824 0.45790347
Collision detected 132.41185 132.2478 0.49492753 0.45679587
Collision detected 131.96548 132.2738 0.3225307 0.45721748
Collision detected 132.50471 132.2738 0.4704369 0.45721748
Collision detected 132.29655 132.30206 0.22425573 0.45806992
Collision detected 132.59636 132.30206 0.44520023 0.45806992
Collision detected 132.69542 132.33588 0.4196762 0.459079
Collision detected 135.8539 135.62602 0.7342861 0.5255102
Collision detected 135.91553 135.84003 0.7534841 0.6630111
Collision detected 135.94775 135.94351 0.7594393 0.73098254
Collision detected 135.95703 135.96869 0.7578449 0.74277127
Collision detected 135.96254 135.98723 0.75499 0.7491486
Collision detected 135.96735 136.01231 0.7523109 0.75805813
Collision detected 135.98375 136.02 0.7532235 0.75732404
Collision detected 135.9993 136.02545 0.75390166 0.75510895
Collision detected 136.01509 136.03102 0.75444454 0.7526367
Collision detected 136.01976 136.05054 0.7515227 0.7564593
Collision detected 136.03448 136.05794 0.7515413 0.7551305
Collision detected 136.04996 136.06311 0.751615 0.7525454
Collision detected 136.06508 136.06866 0.7515247 0.74981105
Collision detected 136.06967 136.08836 0.74849004 0.7525993
Collision detected 136.08464 136.09367 0.74824077 0.7503087
Collision detected 136.09967 136.09874 0.7479493 0.74754876
Collision detected 136.10425 136.12016 0.7448753 0.7499608
Collision detected 136.12274 136.12509 0.7444369 0.74737394
Collision detected 136.13779 136.13033 0.7440043 0.74439764
Collision detected 136.15251 136.13554 0.7434962 0.7413302
Collision detected 136.15764 136.15306 0.7408583 0.7431331
Collision detected 136.17365 136.15799 0.7403108 0.7404865
Collision detected 136.19418 136.16284 0.74036676 0.7378261
Collision detected 136.20058 136.18045 0.7378093 0.7395005
Collision detected 136.21687 136.18538 0.7372198 0.73682064
Collision detected 136.2226 136.203 0.7345722 0.73841375
Collision detected 136.2405 136.20793 0.7338837 0.735716
Collision detected 136.26437 136.21277 0.73452926 0.7330026
Collision detected 136.27232 136.23047 0.7328402 0.7345104
Collision detected 136.28941 136.23543 0.73306453 0.73179305
Collision detected 136.29732 136.25694 0.7315028 0.73317236
Collision detected 136.31415 136.26189 0.7317341 0.73041826
Collision detected 136.32266 136.27962 0.7303075 0.73173803
Collision detected 136.34024 136.28458 0.73069453 0.728975
Collision detected 136.34874 136.30232 0.7292758 0.7302565
Collision detected 136.36804 136.30728 0.7296266 0.7274868
Collision detected 136.39505 136.31212 0.7306023 0.72469926
Collision detected 136.41878 136.31699 0.73165834 0.721909
Collision detected 136.44342 136.32187 0.7328629 0.71911365
Collision detected 136.46774 136.32773 0.73400307 0.7165535
Collision detected 136.49382 136.33356 0.7352556 0.7139591
Collision detected 136.5275 136.33928 0.73648167 0.7113196
Collision detected 136.55365 136.34337 0.73764706 0.70899266
Collision detected 136.5804 136.34698 0.7389383 0.70665205
Collision detected 136.60759 136.35059 0.74030167 0.70430547
Collision detected 136.64671 136.35608 0.7415766 0.70242333
Collision detected 136.6746 136.36218 0.742645 0.7006314
Collision detected 136.7029 136.37654 0.74379694 0.69930726
Collision detected 136.73141 136.38582 0.7450121 0.69808406
Collision detected 136.78119 136.39911 0.74615616 0.6983853
Collision detected 136.81099 136.41681 0.7468739 0.6999233
Collision detected 136.97423 136.56215 0.74948525 0.71996015
Collision detected 137.03934 136.6261 0.7496366 0.7294278
Collision detected 137.09424 136.69168 0.7487827 0.73721075
Collision detected 137.15822 136.73955 0.74815947 0.74319625
Collision detected 137.2374 136.79828 0.74593025 0.74700546
Collision detected 137.29877 136.83162 0.74369776 0.7499946
Collision detected 137.40117 136.86931 0.7403696 0.7528337
Collision detected 137.52426 136.92683 0.73506486 0.75481266
Collision detected 137.67197 136.95677 0.7269993 0.756551
Collision detected 138.05373 136.97997 0.7080391 0.75623876
Collision detected 138.20364 137.0274 0.67711145 0.7573839
Collision detected 138.32974 137.08171 0.6398927 0.75817364
Collision detected 138.45027 137.1568 0.5932247 0.7597547
Ego progress:  128.048583984375
Opp1 progress:  91.18473052978516
Opp2 progress:  88.2405776977539
[W&B] Appended episode data, total episodes: 6
[W&B] Uploaded combined artifact with 6 episodes
[Episode 231] Uploaded episode data to combined artifact
[Seed] Global seed set to 1756478006
[Episode 232] Using seed 1756478006
ep_no: 232
ego params:  0.20513195195851527 0.49431500013273044 0.313604251789388 1.0720066076429695
opp params:  0.3643112911443518 0.13855500748941574 0.20254661000084342 1.097533099590236
opp1 params: 0.37051006603465864 0.16146756665853262 0.1572601120804742 0.9814708103671226
Collision detected 62.69477 62.952644 0.14611104 -0.11986803
Collision detected 62.873142 63.076626 0.016631663 -0.23754485
Collision detected 63.03599 63.21834 -0.11107947 -0.35050797
Collision detected 63.172836 63.41157 -0.20671088 -0.44517973
Collision detected 63.290134 63.625187 -0.2602006 -0.5106382
Collision detected 63.408092 64.08776 -0.2944034 -0.541515
Collision detected 73.45227 73.5336 -0.6397028 -0.774641
Collision detected 73.788536 73.5934 -0.6328925 -0.77196944
Collision detected 73.89111 73.64177 -0.6286102 -0.7699389
Collision detected 73.98815 73.6775 -0.6242985 -0.7678606
Ego progress:  129.00567626953125
Opp1 progress:  139.09999084472656
Opp2 progress:  122.52581024169922
[W&B] Appended episode data, total episodes: 7
[W&B] Uploaded combined artifact with 7 episodes
[Episode 232] Uploaded episode data to combined artifact
[Seed] Global seed set to 1756478007
[Episode 233] Using seed 1756478007
ep_no: 233
ego params:  0.20513195195851527 0.49431500013273044 0.313604251789388 1.0720066076429695
opp params:  0.3643112911443518 0.13855500748941574 0.20254661000084342 1.097533099590236
opp1 params: 0.1138242211680995 0.22061110055555144 0.42610318863715113 0.9941817506797203
Collision detected 136.73483 137.18706 0.7529029 0.8866425
Collision detected 136.92854 137.39616 0.8561326 0.8941864
Collision detected 137.00829 138.42015 0.88252175 0.8668107
Collision detected 137.05637 138.46274 0.8873101 0.8422527
Collision detected 137.10793 138.55673 0.88859075 0.82142556
Collision detected 137.14851 138.60802 0.888798 0.80246735
Collision detected 137.19046 138.69078 0.8867617 0.78436124
Collision detected 137.27684 138.75456 0.88450587 0.7662079
Collision detected 137.39198 138.8168 0.8804154 0.7485868
Collision detected 138.3078 138.89316 0.87223494 0.7302019
Collision detected 138.33966 138.93669 0.8521201 0.71152717
Collision detected 138.44034 139.01837 0.8333696 0.6913665
Collision detected 138.48956 139.07393 0.81553966 0.669962
Ego progress:  87.80382537841797
Opp1 progress:  140.4869842529297
Opp2 progress:  93.44621276855469
[W&B] Appended episode data, total episodes: 8
[W&B] Uploaded combined artifact with 8 episodes
[Episode 233] Uploaded episode data to combined artifact
[Seed] Global seed set to 1756478008
[Episode 234] Using seed 1756478008
ep_no: 234
ego params:  0.32558258953893926 0.43828543309768164 0.33017297861358086 1.0375988155299976
opp params:  0.3643112911443518 0.13855500748941574 0.20254661000084342 1.097533099590236
opp1 params: 0.1138242211680995 0.22061110055555144 0.42610318863715113 0.9941817506797203
CasADi - 2025-08-29 20:40:49 WARNING("KeyboardInterruptException") [.../casadi/interfaces/ipopt/ipopt_nlp.cpp:132]
Error in callback:  <built-in function Function_call> returned a result with an exception set
[W&B] Appended episode data, total episodes: 9
KeyboardInterrupt

The above exception was the direct cause of the following exception:

Traceback (most recent call last):
  File "/home/mahin-sanklecha/.local/lib/python3.10/site-packages/casadi/casadi.py", line 9331, in <lambda>
    __setattr__ = lambda self, name, value: _swig_setattr(self, DM, name, value)
  File "/home/mahin-sanklecha/.local/lib/python3.10/site-packages/casadi/casadi.py", line 74, in _swig_setattr
    return _swig_setattr_nondynamic(self, class_type, name, value, 0)
