[W&B] Initialized run data7_multi_mpc_e176-200

******************************************************************************
This program contains Ipopt, a library for large-scale nonlinear optimization.
 Ipopt is released as open source code under the Eclipse Public License (EPL).
         For more information visit https://github.com/coin-or/Ipopt
******************************************************************************

Collision detected 65.75397 65.96709 0.6416295 0.75495636
Collision detected 65.92683 66.02543 0.66059947 0.74788225
Collision detected 66.02064 66.07257 0.66873515 0.7407182
Collision detected 66.04898 66.117935 0.67231023 0.7347398
Collision detected 66.07225 66.15795 0.6741451 0.72933257
Collision detected 66.09445 66.19214 0.67504835 0.7236417
Collision detected 66.116806 66.23049 0.6755531 0.7175358
Collision detected 66.13946 66.269585 0.6752515 0.7114877
Collision detected 66.16251 66.307594 0.67427427 0.704804
Collision detected 66.18226 66.3493 0.6725769 0.6974762
Collision detected 66.20655 66.392845 0.6701929 0.689695
Collision detected 66.231766 66.43682 0.66716075 0.6812015
Collision detected 66.25822 66.48548 0.66381 0.6716803
Collision detected 66.28634 66.53771 0.6595309 0.66123843
Collision detected 66.31475 66.59285 0.6542577 0.64929694
Collision detected 66.34852 66.65582 0.64777863 0.6353418
Collision detected 66.38729 66.72556 0.63978976 0.61867505
Ego progress:  131.3527069091797
Opp1 progress:  138.49806213378906
Opp2 progress:  3.8744261264801025
Type of buffer_bytes: <class '_io.BytesIO'>
[W&B] upload attempt 1 failed: Artifact.add_file() got an unexpected keyword argument 'file_or_bytes'. Retrying after 2.0s ...
Type of buffer_bytes: <class '_io.BytesIO'>
[W&B] upload attempt 2 failed: Artifact.add_file() got an unexpected keyword argument 'file_or_bytes'. Retrying after 4.0s ...
Type of buffer_bytes: <class '_io.BytesIO'>
[W&B] upload attempt 3 failed: Artifact.add_file() got an unexpected keyword argument 'file_or_bytes'. Retrying after 8.0s ...
Traceback (most recent call last):
  File "/home/mahin-sanklecha/alpha-RACER/car_ros2/car_ros2/multi_car_blocking.py", line 2057, in upload_artifact_from_buffer
    artifact.add_file(name="episode.pkl", file_or_bytes=buffer_bytes)
  File "/home/mahin-sanklecha/.local/lib/python3.10/site-packages/wandb/sdk/artifacts/_validators.py", line 258, in wrapper
    return method(self, *args, **kwargs)
TypeError: Artifact.add_file() got an unexpected keyword argument 'file_or_bytes'

During handling of the above exception, another exception occurred:

Traceback (most recent call last):
  File "/home/mahin-sanklecha/alpha-RACER/car_ros2/car_ros2/multi_car_blocking.py", line 3020, in <module>
    main()
  File "/home/mahin-sanklecha/alpha-RACER/car_ros2/car_ros2/multi_car_blocking.py", line 3014, in main
    car_node.timer_callback()
  File "/home/mahin-sanklecha/alpha-RACER/car_ros2/car_ros2/multi_car_blocking.py", line 2317, in timer_callback
    saved_path = self._save_and_upload_episode()
  File "/home/mahin-sanklecha/alpha-RACER/car_ros2/car_ros2/multi_car_blocking.py", line 2209, in _save_and_upload_episode
    success = upload_artifact_from_buffer(
  File "/home/mahin-sanklecha/alpha-RACER/car_ros2/car_ros2/multi_car_blocking.py", line 2064, in upload_artifact_from_buffer
    time.sleep(wait)
KeyboardInterrupt
Traceback (most recent call last):
  File "/home/mahin-sanklecha/alpha-RACER/car_ros2/car_ros2/multi_car_blocking.py", line 2057, in upload_artifact_from_buffer
    artifact.add_file(name="episode.pkl", file_or_bytes=buffer_bytes)
  File "/home/mahin-sanklecha/.local/lib/python3.10/site-packages/wandb/sdk/artifacts/_validators.py", line 258, in wrapper
    return method(self, *args, **kwargs)
TypeError: Artifact.add_file() got an unexpected keyword argument 'file_or_bytes'

During handling of the above exception, another exception occurred:

Traceback (most recent call last):
  File "/home/mahin-sanklecha/alpha-RACER/car_ros2/car_ros2/multi_car_blocking.py", line 3020, in <module>
    main()
  File "/home/mahin-sanklecha/alpha-RACER/car_ros2/car_ros2/multi_car_blocking.py", line 3014, in main
    car_node.timer_callback()
  File "/home/mahin-sanklecha/alpha-RACER/car_ros2/car_ros2/multi_car_blocking.py", line 2317, in timer_callback
    saved_path = self._save_and_upload_episode()
  File "/home/mahin-sanklecha/alpha-RACER/car_ros2/car_ros2/multi_car_blocking.py", line 2209, in _save_and_upload_episode
    success = upload_artifact_from_buffer(
  File "/home/mahin-sanklecha/alpha-RACER/car_ros2/car_ros2/multi_car_blocking.py", line 2064, in upload_artifact_from_buffer
    time.sleep(wait)
KeyboardInterrupt
Exception ignored in atexit callback: <function _start_and_connect_service.<locals>.teardown_atexit at 0x7319901b9000>
Traceback (most recent call last):
  File "/home/mahin-sanklecha/.local/lib/python3.10/site-packages/wandb/sdk/lib/service/service_connection.py", line 54, in teardown_atexit
    conn.teardown(hooks.exit_code)
  File "/home/mahin-sanklecha/.local/lib/python3.10/site-packages/wandb/sdk/lib/service/service_connection.py", line 182, in teardown
    self._router.join()
  File "/home/mahin-sanklecha/.local/lib/python3.10/site-packages/wandb/sdk/interface/router.py", line 75, in join
    self._thread.join()
  File "/usr/lib/python3.10/threading.py", line 1096, in join
    self._wait_for_tstate_lock()
  File "/usr/lib/python3.10/threading.py", line 1116, in _wait_for_tstate_lock
    if lock.acquire(block, timeout):
KeyboardInterrupt:
