[W&B] Loading existing artifact: alpha_racer_multi_mpc_combined:latest
[W&B] No existing artifact or error: Artifact.download() got an unexpected keyword argument 'replace'

******************************************************************************
This program contains Ipopt, a library for large-scale nonlinear optimization.
 Ipopt is released as open source code under the Eclipse Public License (EPL).
         For more information visit https://github.com/coin-or/Ipopt
******************************************************************************

Collision detected 65.75397 65.96709 0.6416295 0.75495636
Collision detected 65.92683 66.02543 0.66059947 0.74788225
Collision detected 66.02064 66.07257 0.66873515 0.7407182
Collision detected 66.04898 66.117935 0.67231023 0.7347398
Collision detected 66.07225 66.15795 0.6741451 0.72933257
Collision detected 66.09445 66.19214 0.67504835 0.7236417
Collision detected 66.116806 66.23049 0.6755531 0.7175358
Collision detected 66.13946 66.269585 0.6752515 0.7114877
Collision detected 66.16251 66.307594 0.67427427 0.704804
Collision detected 66.18226 66.3493 0.6725769 0.6974762
Collision detected 66.20655 66.392845 0.6701929 0.689695
Collision detected 66.231766 66.43682 0.66716075 0.6812015
Collision detected 66.25822 66.48548 0.66381 0.6716803
Collision detected 66.28634 66.53771 0.6595309 0.66123843
Collision detected 66.31475 66.59285 0.6542577 0.64929694
Collision detected 66.34852 66.65582 0.64777863 0.6353418
Collision detected 66.38729 66.72556 0.63978976 0.61867505
Ego progress:  131.3527069091797
Opp1 progress:  138.49806213378906
Opp2 progress:  3.8744261264801025
[W&B] Appended episode data, total episodes: 1
[W&B] Uploaded combined artifact with 1 episodes
[Episode 1] Uploaded episode data to combined artifact
[Seed] Global seed set to 1756620626
[Episode 2] Using seed 1756620626
ep_no: 2
ego params:  0.2 0.2 0.24 1.0
opp params:  0.1 0.5 0.15 1.0
opp1 params: 0.13346666309869792 0.4595443872247563 0.42826077577304955 1.0353054773784736
Collision detected 69.52034 69.300804 0.63742286 0.56193846
Collision detected 69.64735 69.70859 0.63240784 0.53765196
Collision detected 69.75679 69.89871 0.6274823 0.52528054
Collision detected 69.79184 70.05227 0.62382233 0.51451576
Ego progress:  129.31297302246094
Opp1 progress:  6.05467414855957
Opp2 progress:  133.06065368652344
[W&B] Appended episode data, total episodes: 2
[W&B] Uploaded combined artifact with 2 episodes
[Episode 2] Uploaded episode data to combined artifact
[Seed] Global seed set to 1756620627
[Episode 3] Using seed 1756620627
ep_no: 3
ego params:  0.15894832628654215 0.37525957712991653 0.18889614131133514 1.0690180031901195
opp params:  0.1 0.5 0.15 1.0
opp1 params: 0.13346666309869792 0.4595443872247563 0.42826077577304955 1.0353054773784736
Traceback (most recent call last):
  File "/home/mahin-sanklecha/.local/lib/python3.10/site-packages/jax/_src/dtypes.py", line 501, in is_weakly_typed
    return x.aval.weak_type
AttributeError: 'int' object has no attribute 'aval'

During handling of the above exception, another exception occurred:

Traceback (most recent call last):
  File "/home/mahin-sanklecha/alpha-RACER/car_ros2/car_ros2/multi_car_blocking.py", line 1107, in <module>
    main()
  File "/home/mahin-sanklecha/alpha-RACER/car_ros2/car_ros2/multi_car_blocking.py", line 1101, in main
    car_node.timer_callback()
  File "/home/mahin-sanklecha/alpha-RACER/car_ros2/car_ros2/multi_car_blocking.py", line 480, in timer_callback
    target_pos_tensor, _, s, e = waypoint_generator.generate(jnp.array(obs[:5]), dt=DT_torch, mu_factor=mu_factor)
  File "/home/mahin-sanklecha/alpha-RACER/car_dynamics/car_dynamics/controllers_jax/waypoint.py", line 230, in generate
    side = jnp.sign((self.waypoint_list[t_idx,0]-self.waypoint_list[t_idx-1,0])*(pos2d[1]-self.waypoint_list[t_idx-1,1]) - (self.waypoint_list[t_idx,1]-self.waypoint_list[t_idx-1,1])*(pos2d[0]-self.waypoint_list[t_idx-1,0]))
  File "/home/mahin-sanklecha/.local/lib/python3.10/site-packages/jax/_src/array.py", line 317, in __getitem__
    return lax_numpy._rewriting_take(self, idx)
  File "/home/mahin-sanklecha/.local/lib/python3.10/site-packages/jax/_src/numpy/lax_numpy.py", line 4128, in _rewriting_take
    if (result := _attempt_rewriting_take_via_slice(arr, idx, mode)) is not None:
  File "/home/mahin-sanklecha/.local/lib/python3.10/site-packages/jax/_src/numpy/lax_numpy.py", line 4113, in _attempt_rewriting_take_via_slice
    arr = lax.dynamic_slice(arr, start_indices=start_indices, slice_sizes=slice_sizes)
  File "/home/mahin-sanklecha/.local/lib/python3.10/site-packages/jax/_src/lax/slicing.py", line 105, in dynamic_slice
    start_indices = _dynamic_slice_indices(operand, start_indices)
  File "/home/mahin-sanklecha/.local/lib/python3.10/site-packages/jax/_src/lax/slicing.py", line 2167, in _dynamic_slice_indices
    result.append(lax.convert_element_type(i + d if i < 0 else i, _dtype(i)))
  File "/home/mahin-sanklecha/.local/lib/python3.10/site-packages/jax/_src/lax/lax.py", line 510, in convert_element_type
    return _convert_element_type(operand, new_dtype, weak_type=False)
  File "/home/mahin-sanklecha/.local/lib/python3.10/site-packages/jax/_src/lax/lax.py", line 525, in _convert_element_type
    old_weak_type = dtypes.is_weakly_typed(operand)
  File "/home/mahin-sanklecha/.local/lib/python3.10/site-packages/jax/_src/dtypes.py", line 501, in is_weakly_typed
    return x.aval.weak_type
KeyboardInterrupt
Traceback (most recent call last):
  File "/home/mahin-sanklecha/.local/lib/python3.10/site-packages/jax/_src/dtypes.py", line 501, in is_weakly_typed
    return x.aval.weak_type
AttributeError: 'int' object has no attribute 'aval'

During handling of the above exception, another exception occurred:

Traceback (most recent call last):
  File "/home/mahin-sanklecha/alpha-RACER/car_ros2/car_ros2/multi_car_blocking.py", line 1107, in <module>
    main()
  File "/home/mahin-sanklecha/alpha-RACER/car_ros2/car_ros2/multi_car_blocking.py", line 1101, in main
    car_node.timer_callback()
  File "/home/mahin-sanklecha/alpha-RACER/car_ros2/car_ros2/multi_car_blocking.py", line 480, in timer_callback
    target_pos_tensor, _, s, e = waypoint_generator.generate(jnp.array(obs[:5]), dt=DT_torch, mu_factor=mu_factor)
  File "/home/mahin-sanklecha/alpha-RACER/car_dynamics/car_dynamics/controllers_jax/waypoint.py", line 230, in generate
    side = jnp.sign((self.waypoint_list[t_idx,0]-self.waypoint_list[t_idx-1,0])*(pos2d[1]-self.waypoint_list[t_idx-1,1]) - (self.waypoint_list[t_idx,1]-self.waypoint_list[t_idx-1,1])*(pos2d[0]-self.waypoint_list[t_idx-1,0]))
  File "/home/mahin-sanklecha/.local/lib/python3.10/site-packages/jax/_src/array.py", line 317, in __getitem__
    return lax_numpy._rewriting_take(self, idx)
  File "/home/mahin-sanklecha/.local/lib/python3.10/site-packages/jax/_src/numpy/lax_numpy.py", line 4128, in _rewriting_take
    if (result := _attempt_rewriting_take_via_slice(arr, idx, mode)) is not None:
  File "/home/mahin-sanklecha/.local/lib/python3.10/site-packages/jax/_src/numpy/lax_numpy.py", line 4113, in _attempt_rewriting_take_via_slice
    arr = lax.dynamic_slice(arr, start_indices=start_indices, slice_sizes=slice_sizes)
  File "/home/mahin-sanklecha/.local/lib/python3.10/site-packages/jax/_src/lax/slicing.py", line 105, in dynamic_slice
    start_indices = _dynamic_slice_indices(operand, start_indices)
  File "/home/mahin-sanklecha/.local/lib/python3.10/site-packages/jax/_src/lax/slicing.py", line 2167, in _dynamic_slice_indices
    result.append(lax.convert_element_type(i + d if i < 0 else i, _dtype(i)))
  File "/home/mahin-sanklecha/.local/lib/python3.10/site-packages/jax/_src/lax/lax.py", line 510, in convert_element_type
    return _convert_element_type(operand, new_dtype, weak_type=False)
  File "/home/mahin-sanklecha/.local/lib/python3.10/site-packages/jax/_src/lax/lax.py", line 525, in _convert_element_type
    old_weak_type = dtypes.is_weakly_typed(operand)
  File "/home/mahin-sanklecha/.local/lib/python3.10/site-packages/jax/_src/dtypes.py", line 501, in is_weakly_typed
    return x.aval.weak_type
KeyboardInterrupt
Exception ignored in atexit callback: <function _start_and_connect_service.<locals>.teardown_atexit at 0x74b75c169090>
Traceback (most recent call last):
  File "/home/mahin-sanklecha/.local/lib/python3.10/site-packages/wandb/sdk/lib/service/service_connection.py", line 54, in teardown_atexit
    conn.teardown(hooks.exit_code)
  File "/home/mahin-sanklecha/.local/lib/python3.10/site-packages/wandb/sdk/lib/service/service_connection.py", line 182, in teardown
    self._router.join()
  File "/home/mahin-sanklecha/.local/lib/python3.10/site-packages/wandb/sdk/interface/router.py", line 75, in join
    self._thread.join()
  File "/usr/lib/python3.10/threading.py", line 1096, in join
    self._wait_for_tstate_lock()
  File "/usr/lib/python3.10/threading.py", line 1116, in _wait_for_tstate_lock
    if lock.acquire(block, timeout):
KeyboardInterrupt:
